CRITICAL - 2020-08-07 19:49:58 --> Undefined index: email
#0 C:\xampp\htdocs\projects\voters1\app\Validation\UserRules.php(10): CodeIgniter\Debug\Exceptions->errorHandler(8, 'Undefined index...', 'C:\\xampp\\htdocs...', 10, Array)
#1 C:\xampp\htdocs\projects\voters1\vendor\codeigniter4\framework\system\Validation\Validation.php(279): App\Validation\UserRules->validateUser('12345678', 'email,password', Array, NULL)
#2 C:\xampp\htdocs\projects\voters1\vendor\codeigniter4\framework\system\Validation\Validation.php(175): CodeIgniter\Validation\Validation->processRules('password', 'password', '12345678', Array, Array)
#3 C:\xampp\htdocs\projects\voters1\vendor\codeigniter4\framework\system\Controller.php(220): CodeIgniter\Validation\Validation->run()
#4 C:\xampp\htdocs\projects\voters1\app\Controllers\Users.php(27): CodeIgniter\Controller->validate(Array, Array)
#5 C:\xampp\htdocs\projects\voters1\vendor\codeigniter4\framework\system\CodeIgniter.php(910): App\Controllers\Users->index()
#6 C:\xampp\htdocs\projects\voters1\vendor\codeigniter4\framework\system\CodeIgniter.php(398): CodeIgniter\CodeIgniter->runController(Object(App\Controllers\Users))
#7 C:\xampp\htdocs\projects\voters1\vendor\codeigniter4\framework\system\CodeIgniter.php(306): CodeIgniter\CodeIgniter->handleRequest(NULL, Object(Config\Cache), false)
#8 C:\xampp\htdocs\projects\voters1\public\index.php(45): CodeIgniter\CodeIgniter->run()
#9 C:\xampp\htdocs\projects\voters1\vendor\codeigniter4\framework\system\Commands\Server\rewrite.php(34): require_once('C:\\xampp\\htdocs...')
#10 {main}
CRITICAL - 2020-08-07 19:56:19 --> Undefined index: email
#0 C:\xampp\htdocs\projects\voters1\app\Validation\UserRules.php(10): CodeIgniter\Debug\Exceptions->errorHandler(8, 'Undefined index...', 'C:\\xampp\\htdocs...', 10, Array)
#1 C:\xampp\htdocs\projects\voters1\vendor\codeigniter4\framework\system\Validation\Validation.php(279): App\Validation\UserRules->validateUser('12345678', 'email,password', Array, NULL)
#2 C:\xampp\htdocs\projects\voters1\vendor\codeigniter4\framework\system\Validation\Validation.php(175): CodeIgniter\Validation\Validation->processRules('password', 'password', '12345678', Array, Array)
#3 C:\xampp\htdocs\projects\voters1\vendor\codeigniter4\framework\system\Controller.php(220): CodeIgniter\Validation\Validation->run()
#4 C:\xampp\htdocs\projects\voters1\app\Controllers\Users.php(27): CodeIgniter\Controller->validate(Array, Array)
#5 C:\xampp\htdocs\projects\voters1\vendor\codeigniter4\framework\system\CodeIgniter.php(910): App\Controllers\Users->index()
#6 C:\xampp\htdocs\projects\voters1\vendor\codeigniter4\framework\system\CodeIgniter.php(398): CodeIgniter\CodeIgniter->runController(Object(App\Controllers\Users))
#7 C:\xampp\htdocs\projects\voters1\vendor\codeigniter4\framework\system\CodeIgniter.php(306): CodeIgniter\CodeIgniter->handleRequest(NULL, Object(Config\Cache), false)
#8 C:\xampp\htdocs\projects\voters1\public\index.php(45): CodeIgniter\CodeIgniter->run()
#9 C:\xampp\htdocs\projects\voters1\vendor\codeigniter4\framework\system\Commands\Server\rewrite.php(34): require_once('C:\\xampp\\htdocs...')
#10 {main}
CRITICAL - 2020-08-07 20:02:27 --> Undefined index: email
#0 C:\xampp\htdocs\projects\voters1\app\Validation\UserRules.php(10): CodeIgniter\Debug\Exceptions->errorHandler(8, 'Undefined index...', 'C:\\xampp\\htdocs...', 10, Array)
#1 C:\xampp\htdocs\projects\voters1\vendor\codeigniter4\framework\system\Validation\Validation.php(279): App\Validation\UserRules->validateUser('12345678', 'phone_number,pa...', Array, NULL)
#2 C:\xampp\htdocs\projects\voters1\vendor\codeigniter4\framework\system\Validation\Validation.php(175): CodeIgniter\Validation\Validation->processRules('password', 'password', '12345678', Array, Array)
#3 C:\xampp\htdocs\projects\voters1\vendor\codeigniter4\framework\system\Controller.php(220): CodeIgniter\Validation\Validation->run()
#4 C:\xampp\htdocs\projects\voters1\app\Controllers\Users.php(27): CodeIgniter\Controller->validate(Array, Array)
#5 C:\xampp\htdocs\projects\voters1\vendor\codeigniter4\framework\system\CodeIgniter.php(910): App\Controllers\Users->index()
#6 C:\xampp\htdocs\projects\voters1\vendor\codeigniter4\framework\system\CodeIgniter.php(398): CodeIgniter\CodeIgniter->runController(Object(App\Controllers\Users))
#7 C:\xampp\htdocs\projects\voters1\vendor\codeigniter4\framework\system\CodeIgniter.php(306): CodeIgniter\CodeIgniter->handleRequest(NULL, Object(Config\Cache), false)
#8 C:\xampp\htdocs\projects\voters1\public\index.php(45): CodeIgniter\CodeIgniter->run()
#9 C:\xampp\htdocs\projects\voters1\vendor\codeigniter4\framework\system\Commands\Server\rewrite.php(34): require_once('C:\\xampp\\htdocs...')
#10 {main}
CRITICAL - 2020-08-07 20:24:35 --> Undefined variable: user
#0 C:\xampp\htdocs\projects\voters1\app\Validation\UserRules.php(12): CodeIgniter\Debug\Exceptions->errorHandler(8, 'Undefined varia...', 'C:\\xampp\\htdocs...', 12, Array)
#1 C:\xampp\htdocs\projects\voters1\vendor\codeigniter4\framework\system\Validation\Validation.php(279): App\Validation\UserRules->validateUser('12345678', 'phone_number,pa...', Array, NULL)
#2 C:\xampp\htdocs\projects\voters1\vendor\codeigniter4\framework\system\Validation\Validation.php(175): CodeIgniter\Validation\Validation->processRules('password', 'password', '12345678', Array, Array)
#3 C:\xampp\htdocs\projects\voters1\vendor\codeigniter4\framework\system\Controller.php(220): CodeIgniter\Validation\Validation->run()
#4 C:\xampp\htdocs\projects\voters1\app\Controllers\Users.php(27): CodeIgniter\Controller->validate(Array, Array)
#5 C:\xampp\htdocs\projects\voters1\vendor\codeigniter4\framework\system\CodeIgniter.php(910): App\Controllers\Users->index()
#6 C:\xampp\htdocs\projects\voters1\vendor\codeigniter4\framework\system\CodeIgniter.php(398): CodeIgniter\CodeIgniter->runController(Object(App\Controllers\Users))
#7 C:\xampp\htdocs\projects\voters1\vendor\codeigniter4\framework\system\CodeIgniter.php(306): CodeIgniter\CodeIgniter->handleRequest(NULL, Object(Config\Cache), false)
#8 C:\xampp\htdocs\projects\voters1\public\index.php(45): CodeIgniter\CodeIgniter->run()
#9 C:\xampp\htdocs\projects\voters1\vendor\codeigniter4\framework\system\Commands\Server\rewrite.php(34): require_once('C:\\xampp\\htdocs...')
#10 {main}
CRITICAL - 2020-08-07 20:43:29 --> {0} is not a valid rule.
#0 C:\xampp\htdocs\projects\voters1\vendor\codeigniter4\framework\system\Validation\Validation.php(287): CodeIgniter\Validation\Exceptions\ValidationException::forRuleNotFound('valid_phone_num...')
#1 C:\xampp\htdocs\projects\voters1\vendor\codeigniter4\framework\system\Validation\Validation.php(175): CodeIgniter\Validation\Validation->processRules('phone_number', 'phone_number', '0261447449', Array, Array)
#2 C:\xampp\htdocs\projects\voters1\vendor\codeigniter4\framework\system\Controller.php(220): CodeIgniter\Validation\Validation->run()
#3 C:\xampp\htdocs\projects\voters1\app\Controllers\Users.php(27): CodeIgniter\Controller->validate(Array, Array)
#4 C:\xampp\htdocs\projects\voters1\vendor\codeigniter4\framework\system\CodeIgniter.php(910): App\Controllers\Users->index()
#5 C:\xampp\htdocs\projects\voters1\vendor\codeigniter4\framework\system\CodeIgniter.php(398): CodeIgniter\CodeIgniter->runController(Object(App\Controllers\Users))
#6 C:\xampp\htdocs\projects\voters1\vendor\codeigniter4\framework\system\CodeIgniter.php(306): CodeIgniter\CodeIgniter->handleRequest(NULL, Object(Config\Cache), false)
#7 C:\xampp\htdocs\projects\voters1\public\index.php(45): CodeIgniter\CodeIgniter->run()
#8 C:\xampp\htdocs\projects\voters1\vendor\codeigniter4\framework\system\Commands\Server\rewrite.php(34): require_once('C:\\xampp\\htdocs...')
#9 {main}
CRITICAL - 2020-08-07 20:48:51 --> Undefined index: 
#0 C:\xampp\htdocs\projects\voters1\app\Validation\UserRules.php(10): CodeIgniter\Debug\Exceptions->errorHandler(8, 'Undefined index...', 'C:\\xampp\\htdocs...', 10, Array)
#1 C:\xampp\htdocs\projects\voters1\vendor\codeigniter4\framework\system\Validation\Validation.php(279): App\Validation\UserRules->validateUser('BHK2rfmnAw@6a5Y', 'phone_number,pa...', Array, NULL)
#2 C:\xampp\htdocs\projects\voters1\vendor\codeigniter4\framework\system\Validation\Validation.php(175): CodeIgniter\Validation\Validation->processRules('password', 'password', 'BHK2rfmnAw@6a5Y', Array, Array)
#3 C:\xampp\htdocs\projects\voters1\vendor\codeigniter4\framework\system\Controller.php(220): CodeIgniter\Validation\Validation->run()
#4 C:\xampp\htdocs\projects\voters1\app\Controllers\Users.php(27): CodeIgniter\Controller->validate(Array, Array)
#5 C:\xampp\htdocs\projects\voters1\vendor\codeigniter4\framework\system\CodeIgniter.php(910): App\Controllers\Users->index()
#6 C:\xampp\htdocs\projects\voters1\vendor\codeigniter4\framework\system\CodeIgniter.php(398): CodeIgniter\CodeIgniter->runController(Object(App\Controllers\Users))
#7 C:\xampp\htdocs\projects\voters1\vendor\codeigniter4\framework\system\CodeIgniter.php(306): CodeIgniter\CodeIgniter->handleRequest(NULL, Object(Config\Cache), false)
#8 C:\xampp\htdocs\projects\voters1\public\index.php(45): CodeIgniter\CodeIgniter->run()
#9 C:\xampp\htdocs\projects\voters1\vendor\codeigniter4\framework\system\Commands\Server\rewrite.php(34): require_once('C:\\xampp\\htdocs...')
#10 {main}
