CRITICAL - 2020-08-11 12:59:11 --> Undefined variable: users_detail
#0 C:\xampp\htdocs\projects\voters1\app\Views\pollingstations\index.php(13): CodeIgniter\Debug\Exceptions->errorHandler(8, 'Undefined varia...', 'C:\\xampp\\htdocs...', 13, Array)
#1 C:\xampp\htdocs\projects\voters1\vendor\codeigniter4\framework\system\View\View.php(236): include('C:\\xampp\\htdocs...')
#2 C:\xampp\htdocs\projects\voters1\vendor\codeigniter4\framework\system\Common.php(1071): CodeIgniter\View\View->render('pollingstations...', Array, true)
#3 C:\xampp\htdocs\projects\voters1\app\Controllers\PollingStation.php(15): view('pollingstations...', Array)
#4 C:\xampp\htdocs\projects\voters1\vendor\codeigniter4\framework\system\CodeIgniter.php(910): App\Controllers\PollingStation->index()
#5 C:\xampp\htdocs\projects\voters1\vendor\codeigniter4\framework\system\CodeIgniter.php(398): CodeIgniter\CodeIgniter->runController(Object(App\Controllers\PollingStation))
#6 C:\xampp\htdocs\projects\voters1\vendor\codeigniter4\framework\system\CodeIgniter.php(306): CodeIgniter\CodeIgniter->handleRequest(NULL, Object(Config\Cache), false)
#7 C:\xampp\htdocs\projects\voters1\public\index.php(45): CodeIgniter\CodeIgniter->run()
#8 C:\xampp\htdocs\projects\voters1\vendor\codeigniter4\framework\system\Commands\Server\rewrite.php(34): require_once('C:\\xampp\\htdocs...')
#9 {main}
CRITICAL - 2020-08-11 13:01:18 --> Undefined variable: value
#0 C:\xampp\htdocs\projects\voters1\app\Views\pollingstations\index.php(14): CodeIgniter\Debug\Exceptions->errorHandler(8, 'Undefined varia...', 'C:\\xampp\\htdocs...', 14, Array)
#1 C:\xampp\htdocs\projects\voters1\vendor\codeigniter4\framework\system\View\View.php(236): include('C:\\xampp\\htdocs...')
#2 C:\xampp\htdocs\projects\voters1\vendor\codeigniter4\framework\system\Common.php(1071): CodeIgniter\View\View->render('pollingstations...', Array, true)
#3 C:\xampp\htdocs\projects\voters1\app\Controllers\PollingStation.php(15): view('pollingstations...', Array)
#4 C:\xampp\htdocs\projects\voters1\vendor\codeigniter4\framework\system\CodeIgniter.php(910): App\Controllers\PollingStation->index()
#5 C:\xampp\htdocs\projects\voters1\vendor\codeigniter4\framework\system\CodeIgniter.php(398): CodeIgniter\CodeIgniter->runController(Object(App\Controllers\PollingStation))
#6 C:\xampp\htdocs\projects\voters1\vendor\codeigniter4\framework\system\CodeIgniter.php(306): CodeIgniter\CodeIgniter->handleRequest(NULL, Object(Config\Cache), false)
#7 C:\xampp\htdocs\projects\voters1\public\index.php(45): CodeIgniter\CodeIgniter->run()
#8 C:\xampp\htdocs\projects\voters1\vendor\codeigniter4\framework\system\Commands\Server\rewrite.php(34): require_once('C:\\xampp\\htdocs...')
#9 {main}
CRITICAL - 2020-08-11 13:02:40 --> Undefined variable: polling_station
#0 C:\xampp\htdocs\projects\voters1\app\Views\pollingstations\index.php(13): CodeIgniter\Debug\Exceptions->errorHandler(8, 'Undefined varia...', 'C:\\xampp\\htdocs...', 13, Array)
#1 C:\xampp\htdocs\projects\voters1\vendor\codeigniter4\framework\system\View\View.php(236): include('C:\\xampp\\htdocs...')
#2 C:\xampp\htdocs\projects\voters1\vendor\codeigniter4\framework\system\Common.php(1071): CodeIgniter\View\View->render('pollingstations...', Array, true)
#3 C:\xampp\htdocs\projects\voters1\app\Controllers\PollingStation.php(15): view('pollingstations...', Array)
#4 C:\xampp\htdocs\projects\voters1\vendor\codeigniter4\framework\system\CodeIgniter.php(910): App\Controllers\PollingStation->index()
#5 C:\xampp\htdocs\projects\voters1\vendor\codeigniter4\framework\system\CodeIgniter.php(398): CodeIgniter\CodeIgniter->runController(Object(App\Controllers\PollingStation))
#6 C:\xampp\htdocs\projects\voters1\vendor\codeigniter4\framework\system\CodeIgniter.php(306): CodeIgniter\CodeIgniter->handleRequest(NULL, Object(Config\Cache), false)
#7 C:\xampp\htdocs\projects\voters1\public\index.php(45): CodeIgniter\CodeIgniter->run()
#8 C:\xampp\htdocs\projects\voters1\vendor\codeigniter4\framework\system\Commands\Server\rewrite.php(34): require_once('C:\\xampp\\htdocs...')
#9 {main}
CRITICAL - 2020-08-11 13:09:30 --> include(./templates/header.php): failed to open stream: No such file or directory
#0 C:\xampp\htdocs\projects\voters1\app\Views\pollingstations\index.php(6): CodeIgniter\Debug\Exceptions->errorHandler(2, 'include(./templ...', 'C:\\xampp\\htdocs...', 6, Array)
#1 C:\xampp\htdocs\projects\voters1\app\Views\pollingstations\index.php(6): include()
#2 C:\xampp\htdocs\projects\voters1\vendor\codeigniter4\framework\system\View\View.php(236): include('C:\\xampp\\htdocs...')
#3 C:\xampp\htdocs\projects\voters1\vendor\codeigniter4\framework\system\Common.php(1071): CodeIgniter\View\View->render('pollingstations...', Array, true)
#4 C:\xampp\htdocs\projects\voters1\app\Controllers\PollingStation.php(15): view('pollingstations...', Array)
#5 C:\xampp\htdocs\projects\voters1\vendor\codeigniter4\framework\system\CodeIgniter.php(910): App\Controllers\PollingStation->index()
#6 C:\xampp\htdocs\projects\voters1\vendor\codeigniter4\framework\system\CodeIgniter.php(398): CodeIgniter\CodeIgniter->runController(Object(App\Controllers\PollingStation))
#7 C:\xampp\htdocs\projects\voters1\vendor\codeigniter4\framework\system\CodeIgniter.php(306): CodeIgniter\CodeIgniter->handleRequest(NULL, Object(Config\Cache), false)
#8 C:\xampp\htdocs\projects\voters1\public\index.php(45): CodeIgniter\CodeIgniter->run()
#9 C:\xampp\htdocs\projects\voters1\vendor\codeigniter4\framework\system\Commands\Server\rewrite.php(34): require_once('C:\\xampp\\htdocs...')
#10 {main}
CRITICAL - 2020-08-11 13:09:56 --> include(../templates/header.php): failed to open stream: No such file or directory
#0 C:\xampp\htdocs\projects\voters1\app\Views\pollingstations\index.php(6): CodeIgniter\Debug\Exceptions->errorHandler(2, 'include(../temp...', 'C:\\xampp\\htdocs...', 6, Array)
#1 C:\xampp\htdocs\projects\voters1\app\Views\pollingstations\index.php(6): include()
#2 C:\xampp\htdocs\projects\voters1\vendor\codeigniter4\framework\system\View\View.php(236): include('C:\\xampp\\htdocs...')
#3 C:\xampp\htdocs\projects\voters1\vendor\codeigniter4\framework\system\Common.php(1071): CodeIgniter\View\View->render('pollingstations...', Array, true)
#4 C:\xampp\htdocs\projects\voters1\app\Controllers\PollingStation.php(15): view('pollingstations...', Array)
#5 C:\xampp\htdocs\projects\voters1\vendor\codeigniter4\framework\system\CodeIgniter.php(910): App\Controllers\PollingStation->index()
#6 C:\xampp\htdocs\projects\voters1\vendor\codeigniter4\framework\system\CodeIgniter.php(398): CodeIgniter\CodeIgniter->runController(Object(App\Controllers\PollingStation))
#7 C:\xampp\htdocs\projects\voters1\vendor\codeigniter4\framework\system\CodeIgniter.php(306): CodeIgniter\CodeIgniter->handleRequest(NULL, Object(Config\Cache), false)
#8 C:\xampp\htdocs\projects\voters1\public\index.php(45): CodeIgniter\CodeIgniter->run()
#9 C:\xampp\htdocs\projects\voters1\vendor\codeigniter4\framework\system\Commands\Server\rewrite.php(34): require_once('C:\\xampp\\htdocs...')
#10 {main}
CRITICAL - 2020-08-11 13:11:04 --> include(templates/header.php): failed to open stream: No such file or directory
#0 C:\xampp\htdocs\projects\voters1\app\Views\pollingstations\index.php(6): CodeIgniter\Debug\Exceptions->errorHandler(2, 'include(templat...', 'C:\\xampp\\htdocs...', 6, Array)
#1 C:\xampp\htdocs\projects\voters1\app\Views\pollingstations\index.php(6): include()
#2 C:\xampp\htdocs\projects\voters1\vendor\codeigniter4\framework\system\View\View.php(236): include('C:\\xampp\\htdocs...')
#3 C:\xampp\htdocs\projects\voters1\vendor\codeigniter4\framework\system\Common.php(1071): CodeIgniter\View\View->render('pollingstations...', Array, true)
#4 C:\xampp\htdocs\projects\voters1\app\Controllers\PollingStation.php(15): view('pollingstations...', Array)
#5 C:\xampp\htdocs\projects\voters1\vendor\codeigniter4\framework\system\CodeIgniter.php(910): App\Controllers\PollingStation->index()
#6 C:\xampp\htdocs\projects\voters1\vendor\codeigniter4\framework\system\CodeIgniter.php(398): CodeIgniter\CodeIgniter->runController(Object(App\Controllers\PollingStation))
#7 C:\xampp\htdocs\projects\voters1\vendor\codeigniter4\framework\system\CodeIgniter.php(306): CodeIgniter\CodeIgniter->handleRequest(NULL, Object(Config\Cache), false)
#8 C:\xampp\htdocs\projects\voters1\public\index.php(45): CodeIgniter\CodeIgniter->run()
#9 C:\xampp\htdocs\projects\voters1\vendor\codeigniter4\framework\system\Commands\Server\rewrite.php(34): require_once('C:\\xampp\\htdocs...')
#10 {main}
CRITICAL - 2020-08-11 13:12:17 --> CodeIgniter\View\View::main(): Failed opening required './templates/header.php' (include_path='C:\xampp\php\PEAR')
#0 [internal function]: CodeIgniter\Debug\Exceptions->shutdownHandler()
#1 {main}
CRITICAL - 2020-08-11 13:13:03 --> CodeIgniter\View\View::main(): Failed opening required '../templates/header.php' (include_path='C:\xampp\php\PEAR')
#0 [internal function]: CodeIgniter\Debug\Exceptions->shutdownHandler()
#1 {main}
CRITICAL - 2020-08-11 13:23:10 --> Call to undefined function set_value()
#0 C:\xampp\htdocs\projects\voters1\vendor\codeigniter4\framework\system\View\View.php(236): include()
#1 C:\xampp\htdocs\projects\voters1\vendor\codeigniter4\framework\system\Common.php(1071): CodeIgniter\View\View->render('login', Array, true)
#2 C:\xampp\htdocs\projects\voters1\app\Controllers\PollingStation.php(17): view('login')
#3 C:\xampp\htdocs\projects\voters1\vendor\codeigniter4\framework\system\CodeIgniter.php(910): App\Controllers\PollingStation->index()
#4 C:\xampp\htdocs\projects\voters1\vendor\codeigniter4\framework\system\CodeIgniter.php(398): CodeIgniter\CodeIgniter->runController(Object(App\Controllers\PollingStation))
#5 C:\xampp\htdocs\projects\voters1\vendor\codeigniter4\framework\system\CodeIgniter.php(306): CodeIgniter\CodeIgniter->handleRequest(NULL, Object(Config\Cache), false)
#6 C:\xampp\htdocs\projects\voters1\public\index.php(45): CodeIgniter\CodeIgniter->run()
#7 C:\xampp\htdocs\projects\voters1\vendor\codeigniter4\framework\system\Commands\Server\rewrite.php(34): require_once('C:\\xampp\\htdocs...')
#8 {main}
CRITICAL - 2020-08-11 13:24:03 --> Invalid file: {0}
#0 C:\xampp\htdocs\projects\voters1\vendor\codeigniter4\framework\system\View\View.php(224): CodeIgniter\Exceptions\FrameworkException::forInvalidFile('pollingstation/...')
#1 C:\xampp\htdocs\projects\voters1\vendor\codeigniter4\framework\system\Common.php(1071): CodeIgniter\View\View->render('pollingstation/...', Array, true)
#2 C:\xampp\htdocs\projects\voters1\app\Controllers\PollingStation.php(17): view('pollingstation/...')
#3 C:\xampp\htdocs\projects\voters1\vendor\codeigniter4\framework\system\CodeIgniter.php(910): App\Controllers\PollingStation->index()
#4 C:\xampp\htdocs\projects\voters1\vendor\codeigniter4\framework\system\CodeIgniter.php(398): CodeIgniter\CodeIgniter->runController(Object(App\Controllers\PollingStation))
#5 C:\xampp\htdocs\projects\voters1\vendor\codeigniter4\framework\system\CodeIgniter.php(306): CodeIgniter\CodeIgniter->handleRequest(NULL, Object(Config\Cache), false)
#6 C:\xampp\htdocs\projects\voters1\public\index.php(45): CodeIgniter\CodeIgniter->run()
#7 C:\xampp\htdocs\projects\voters1\vendor\codeigniter4\framework\system\Commands\Server\rewrite.php(34): require_once('C:\\xampp\\htdocs...')
#8 {main}
CRITICAL - 2020-08-11 13:45:16 --> Undefined variable: data
#0 C:\xampp\htdocs\projects\voters1\app\Controllers\PollingStation.php(23): CodeIgniter\Debug\Exceptions->errorHandler(8, 'Undefined varia...', 'C:\\xampp\\htdocs...', 23, Array)
#1 C:\xampp\htdocs\projects\voters1\vendor\codeigniter4\framework\system\CodeIgniter.php(910): App\Controllers\PollingStation->create()
#2 C:\xampp\htdocs\projects\voters1\vendor\codeigniter4\framework\system\CodeIgniter.php(398): CodeIgniter\CodeIgniter->runController(Object(App\Controllers\PollingStation))
#3 C:\xampp\htdocs\projects\voters1\vendor\codeigniter4\framework\system\CodeIgniter.php(306): CodeIgniter\CodeIgniter->handleRequest(NULL, Object(Config\Cache), false)
#4 C:\xampp\htdocs\projects\voters1\public\index.php(45): CodeIgniter\CodeIgniter->run()
#5 C:\xampp\htdocs\projects\voters1\vendor\codeigniter4\framework\system\Commands\Server\rewrite.php(34): require_once('C:\\xampp\\htdocs...')
#6 {main}
CRITICAL - 2020-08-11 13:46:05 --> Call to undefined function set_value()
#0 C:\xampp\htdocs\projects\voters1\vendor\codeigniter4\framework\system\View\View.php(236): include()
#1 C:\xampp\htdocs\projects\voters1\vendor\codeigniter4\framework\system\Common.php(1071): CodeIgniter\View\View->render('pollingstations...', Array, true)
#2 C:\xampp\htdocs\projects\voters1\app\Controllers\PollingStation.php(24): view('pollingstations...')
#3 C:\xampp\htdocs\projects\voters1\vendor\codeigniter4\framework\system\CodeIgniter.php(910): App\Controllers\PollingStation->create()
#4 C:\xampp\htdocs\projects\voters1\vendor\codeigniter4\framework\system\CodeIgniter.php(398): CodeIgniter\CodeIgniter->runController(Object(App\Controllers\PollingStation))
#5 C:\xampp\htdocs\projects\voters1\vendor\codeigniter4\framework\system\CodeIgniter.php(306): CodeIgniter\CodeIgniter->handleRequest(NULL, Object(Config\Cache), false)
#6 C:\xampp\htdocs\projects\voters1\public\index.php(45): CodeIgniter\CodeIgniter->run()
#7 C:\xampp\htdocs\projects\voters1\vendor\codeigniter4\framework\system\Commands\Server\rewrite.php(34): require_once('C:\\xampp\\htdocs...')
#8 {main}
CRITICAL - 2020-08-11 13:53:56 --> Column 'name' cannot be null
#0 C:\xampp\htdocs\projects\voters1\vendor\codeigniter4\framework\system\Database\MySQLi\Connection.php(330): mysqli->query('INSERT INTO `po...')
#1 C:\xampp\htdocs\projects\voters1\vendor\codeigniter4\framework\system\Database\BaseConnection.php(738): CodeIgniter\Database\MySQLi\Connection->execute('INSERT INTO `po...')
#2 C:\xampp\htdocs\projects\voters1\vendor\codeigniter4\framework\system\Database\BaseConnection.php(666): CodeIgniter\Database\BaseConnection->simpleQuery('INSERT INTO `po...')
#3 C:\xampp\htdocs\projects\voters1\vendor\codeigniter4\framework\system\Database\BaseBuilder.php(2206): CodeIgniter\Database\BaseConnection->query('INSERT INTO `po...', Array, false)
#4 C:\xampp\htdocs\projects\voters1\vendor\codeigniter4\framework\system\Model.php(722): CodeIgniter\Database\BaseBuilder->insert()
#5 C:\xampp\htdocs\projects\voters1\app\Controllers\PollingStation.php(41): CodeIgniter\Model->insert(Array)
#6 C:\xampp\htdocs\projects\voters1\vendor\codeigniter4\framework\system\CodeIgniter.php(910): App\Controllers\PollingStation->store()
#7 C:\xampp\htdocs\projects\voters1\vendor\codeigniter4\framework\system\CodeIgniter.php(398): CodeIgniter\CodeIgniter->runController(Object(App\Controllers\PollingStation))
#8 C:\xampp\htdocs\projects\voters1\vendor\codeigniter4\framework\system\CodeIgniter.php(306): CodeIgniter\CodeIgniter->handleRequest(NULL, Object(Config\Cache), false)
#9 C:\xampp\htdocs\projects\voters1\public\index.php(45): CodeIgniter\CodeIgniter->run()
#10 C:\xampp\htdocs\projects\voters1\vendor\codeigniter4\framework\system\Commands\Server\rewrite.php(34): require_once('C:\\xampp\\htdocs...')
#11 {main}
CRITICAL - 2020-08-11 14:38:43 --> Undefined variable: pollingstations
#0 C:\xampp\htdocs\projects\voters1\app\Views\register.php(30): CodeIgniter\Debug\Exceptions->errorHandler(8, 'Undefined varia...', 'C:\\xampp\\htdocs...', 30, Array)
#1 C:\xampp\htdocs\projects\voters1\vendor\codeigniter4\framework\system\View\View.php(236): include('C:\\xampp\\htdocs...')
#2 C:\xampp\htdocs\projects\voters1\vendor\codeigniter4\framework\system\Common.php(1071): CodeIgniter\View\View->render('register', Array, true)
#3 C:\xampp\htdocs\projects\voters1\app\Controllers\Users.php(104): view('register')
#4 C:\xampp\htdocs\projects\voters1\vendor\codeigniter4\framework\system\CodeIgniter.php(910): App\Controllers\Users->register()
#5 C:\xampp\htdocs\projects\voters1\vendor\codeigniter4\framework\system\CodeIgniter.php(398): CodeIgniter\CodeIgniter->runController(Object(App\Controllers\Users))
#6 C:\xampp\htdocs\projects\voters1\vendor\codeigniter4\framework\system\CodeIgniter.php(306): CodeIgniter\CodeIgniter->handleRequest(NULL, Object(Config\Cache), false)
#7 C:\xampp\htdocs\projects\voters1\public\index.php(45): CodeIgniter\CodeIgniter->run()
#8 C:\xampp\htdocs\projects\voters1\vendor\codeigniter4\framework\system\Commands\Server\rewrite.php(34): require_once('C:\\xampp\\htdocs...')
#9 {main}
CRITICAL - 2020-08-11 16:54:44 --> Column 'name' cannot be null
#0 C:\xampp\htdocs\projects\voters1\vendor\codeigniter4\framework\system\Database\MySQLi\Connection.php(330): mysqli->query('INSERT INTO `po...')
#1 C:\xampp\htdocs\projects\voters1\vendor\codeigniter4\framework\system\Database\BaseConnection.php(738): CodeIgniter\Database\MySQLi\Connection->execute('INSERT INTO `po...')
#2 C:\xampp\htdocs\projects\voters1\vendor\codeigniter4\framework\system\Database\BaseConnection.php(666): CodeIgniter\Database\BaseConnection->simpleQuery('INSERT INTO `po...')
#3 C:\xampp\htdocs\projects\voters1\vendor\codeigniter4\framework\system\Database\BaseBuilder.php(2206): CodeIgniter\Database\BaseConnection->query('INSERT INTO `po...', Array, false)
#4 C:\xampp\htdocs\projects\voters1\vendor\codeigniter4\framework\system\Model.php(722): CodeIgniter\Database\BaseBuilder->insert()
#5 C:\xampp\htdocs\projects\voters1\app\Controllers\PollingStation.php(37): CodeIgniter\Model->insert(Array)
#6 C:\xampp\htdocs\projects\voters1\vendor\codeigniter4\framework\system\CodeIgniter.php(910): App\Controllers\PollingStation->create()
#7 C:\xampp\htdocs\projects\voters1\vendor\codeigniter4\framework\system\CodeIgniter.php(398): CodeIgniter\CodeIgniter->runController(Object(App\Controllers\PollingStation))
#8 C:\xampp\htdocs\projects\voters1\vendor\codeigniter4\framework\system\CodeIgniter.php(306): CodeIgniter\CodeIgniter->handleRequest(NULL, Object(Config\Cache), false)
#9 C:\xampp\htdocs\projects\voters1\public\index.php(45): CodeIgniter\CodeIgniter->run()
#10 C:\xampp\htdocs\projects\voters1\vendor\codeigniter4\framework\system\Commands\Server\rewrite.php(34): require_once('C:\\xampp\\htdocs...')
#11 {main}
CRITICAL - 2020-08-11 16:54:59 --> Column 'name' cannot be null
#0 C:\xampp\htdocs\projects\voters1\vendor\codeigniter4\framework\system\Database\MySQLi\Connection.php(330): mysqli->query('INSERT INTO `po...')
#1 C:\xampp\htdocs\projects\voters1\vendor\codeigniter4\framework\system\Database\BaseConnection.php(738): CodeIgniter\Database\MySQLi\Connection->execute('INSERT INTO `po...')
#2 C:\xampp\htdocs\projects\voters1\vendor\codeigniter4\framework\system\Database\BaseConnection.php(666): CodeIgniter\Database\BaseConnection->simpleQuery('INSERT INTO `po...')
#3 C:\xampp\htdocs\projects\voters1\vendor\codeigniter4\framework\system\Database\BaseBuilder.php(2206): CodeIgniter\Database\BaseConnection->query('INSERT INTO `po...', Array, false)
#4 C:\xampp\htdocs\projects\voters1\vendor\codeigniter4\framework\system\Model.php(722): CodeIgniter\Database\BaseBuilder->insert()
#5 C:\xampp\htdocs\projects\voters1\app\Controllers\PollingStation.php(37): CodeIgniter\Model->insert(Array)
#6 C:\xampp\htdocs\projects\voters1\vendor\codeigniter4\framework\system\CodeIgniter.php(910): App\Controllers\PollingStation->create()
#7 C:\xampp\htdocs\projects\voters1\vendor\codeigniter4\framework\system\CodeIgniter.php(398): CodeIgniter\CodeIgniter->runController(Object(App\Controllers\PollingStation))
#8 C:\xampp\htdocs\projects\voters1\vendor\codeigniter4\framework\system\CodeIgniter.php(306): CodeIgniter\CodeIgniter->handleRequest(NULL, Object(Config\Cache), false)
#9 C:\xampp\htdocs\projects\voters1\public\index.php(45): CodeIgniter\CodeIgniter->run()
#10 C:\xampp\htdocs\projects\voters1\vendor\codeigniter4\framework\system\Commands\Server\rewrite.php(34): require_once('C:\\xampp\\htdocs...')
#11 {main}
CRITICAL - 2020-08-11 16:55:42 --> Column 'name' cannot be null
#0 C:\xampp\htdocs\projects\voters1\vendor\codeigniter4\framework\system\Database\MySQLi\Connection.php(330): mysqli->query('INSERT INTO `po...')
#1 C:\xampp\htdocs\projects\voters1\vendor\codeigniter4\framework\system\Database\BaseConnection.php(738): CodeIgniter\Database\MySQLi\Connection->execute('INSERT INTO `po...')
#2 C:\xampp\htdocs\projects\voters1\vendor\codeigniter4\framework\system\Database\BaseConnection.php(666): CodeIgniter\Database\BaseConnection->simpleQuery('INSERT INTO `po...')
#3 C:\xampp\htdocs\projects\voters1\vendor\codeigniter4\framework\system\Database\BaseBuilder.php(2206): CodeIgniter\Database\BaseConnection->query('INSERT INTO `po...', Array, false)
#4 C:\xampp\htdocs\projects\voters1\vendor\codeigniter4\framework\system\Model.php(722): CodeIgniter\Database\BaseBuilder->insert()
#5 C:\xampp\htdocs\projects\voters1\app\Controllers\PollingStation.php(36): CodeIgniter\Model->insert(Array)
#6 C:\xampp\htdocs\projects\voters1\vendor\codeigniter4\framework\system\CodeIgniter.php(910): App\Controllers\PollingStation->create()
#7 C:\xampp\htdocs\projects\voters1\vendor\codeigniter4\framework\system\CodeIgniter.php(398): CodeIgniter\CodeIgniter->runController(Object(App\Controllers\PollingStation))
#8 C:\xampp\htdocs\projects\voters1\vendor\codeigniter4\framework\system\CodeIgniter.php(306): CodeIgniter\CodeIgniter->handleRequest(NULL, Object(Config\Cache), false)
#9 C:\xampp\htdocs\projects\voters1\public\index.php(45): CodeIgniter\CodeIgniter->run()
#10 C:\xampp\htdocs\projects\voters1\vendor\codeigniter4\framework\system\Commands\Server\rewrite.php(34): require_once('C:\\xampp\\htdocs...')
#11 {main}
CRITICAL - 2020-08-11 16:56:47 --> Column 'name' cannot be null
#0 C:\xampp\htdocs\projects\voters1\vendor\codeigniter4\framework\system\Database\MySQLi\Connection.php(330): mysqli->query('INSERT INTO `po...')
#1 C:\xampp\htdocs\projects\voters1\vendor\codeigniter4\framework\system\Database\BaseConnection.php(738): CodeIgniter\Database\MySQLi\Connection->execute('INSERT INTO `po...')
#2 C:\xampp\htdocs\projects\voters1\vendor\codeigniter4\framework\system\Database\BaseConnection.php(666): CodeIgniter\Database\BaseConnection->simpleQuery('INSERT INTO `po...')
#3 C:\xampp\htdocs\projects\voters1\vendor\codeigniter4\framework\system\Database\BaseBuilder.php(2206): CodeIgniter\Database\BaseConnection->query('INSERT INTO `po...', Array, false)
#4 C:\xampp\htdocs\projects\voters1\vendor\codeigniter4\framework\system\Model.php(722): CodeIgniter\Database\BaseBuilder->insert()
#5 C:\xampp\htdocs\projects\voters1\app\Controllers\PollingStation.php(36): CodeIgniter\Model->insert(Array)
#6 C:\xampp\htdocs\projects\voters1\vendor\codeigniter4\framework\system\CodeIgniter.php(910): App\Controllers\PollingStation->create()
#7 C:\xampp\htdocs\projects\voters1\vendor\codeigniter4\framework\system\CodeIgniter.php(398): CodeIgniter\CodeIgniter->runController(Object(App\Controllers\PollingStation))
#8 C:\xampp\htdocs\projects\voters1\vendor\codeigniter4\framework\system\CodeIgniter.php(306): CodeIgniter\CodeIgniter->handleRequest(NULL, Object(Config\Cache), false)
#9 C:\xampp\htdocs\projects\voters1\public\index.php(45): CodeIgniter\CodeIgniter->run()
#10 C:\xampp\htdocs\projects\voters1\vendor\codeigniter4\framework\system\Commands\Server\rewrite.php(34): require_once('C:\\xampp\\htdocs...')
#11 {main}
CRITICAL - 2020-08-11 17:00:17 --> Column 'name' cannot be null
#0 C:\xampp\htdocs\projects\voters1\vendor\codeigniter4\framework\system\Database\MySQLi\Connection.php(330): mysqli->query('INSERT INTO `po...')
#1 C:\xampp\htdocs\projects\voters1\vendor\codeigniter4\framework\system\Database\BaseConnection.php(738): CodeIgniter\Database\MySQLi\Connection->execute('INSERT INTO `po...')
#2 C:\xampp\htdocs\projects\voters1\vendor\codeigniter4\framework\system\Database\BaseConnection.php(666): CodeIgniter\Database\BaseConnection->simpleQuery('INSERT INTO `po...')
#3 C:\xampp\htdocs\projects\voters1\vendor\codeigniter4\framework\system\Database\BaseBuilder.php(2206): CodeIgniter\Database\BaseConnection->query('INSERT INTO `po...', Array, false)
#4 C:\xampp\htdocs\projects\voters1\vendor\codeigniter4\framework\system\Model.php(722): CodeIgniter\Database\BaseBuilder->insert()
#5 C:\xampp\htdocs\projects\voters1\app\Controllers\PollingStation.php(36): CodeIgniter\Model->insert(Array)
#6 C:\xampp\htdocs\projects\voters1\vendor\codeigniter4\framework\system\CodeIgniter.php(910): App\Controllers\PollingStation->create()
#7 C:\xampp\htdocs\projects\voters1\vendor\codeigniter4\framework\system\CodeIgniter.php(398): CodeIgniter\CodeIgniter->runController(Object(App\Controllers\PollingStation))
#8 C:\xampp\htdocs\projects\voters1\vendor\codeigniter4\framework\system\CodeIgniter.php(306): CodeIgniter\CodeIgniter->handleRequest(NULL, Object(Config\Cache), false)
#9 C:\xampp\htdocs\projects\voters1\public\index.php(45): CodeIgniter\CodeIgniter->run()
#10 C:\xampp\htdocs\projects\voters1\vendor\codeigniter4\framework\system\Commands\Server\rewrite.php(34): require_once('C:\\xampp\\htdocs...')
#11 {main}
CRITICAL - 2020-08-11 17:43:42 --> {0} is not a valid rule.
#0 C:\xampp\htdocs\projects\voters1\vendor\codeigniter4\framework\system\Validation\Validation.php(287): CodeIgniter\Validation\Exceptions\ValidationException::forRuleNotFound('valid_phone_num...')
#1 C:\xampp\htdocs\projects\voters1\vendor\codeigniter4\framework\system\Validation\Validation.php(175): CodeIgniter\Validation\Validation->processRules('phone_number', 'phone_number', '0248907440', Array, Array)
#2 C:\xampp\htdocs\projects\voters1\vendor\codeigniter4\framework\system\Controller.php(220): CodeIgniter\Validation\Validation->run()
#3 C:\xampp\htdocs\projects\voters1\app\Controllers\Users.php(40): CodeIgniter\Controller->validate(Array, Array)
#4 C:\xampp\htdocs\projects\voters1\vendor\codeigniter4\framework\system\CodeIgniter.php(910): App\Controllers\Users->index()
#5 C:\xampp\htdocs\projects\voters1\vendor\codeigniter4\framework\system\CodeIgniter.php(398): CodeIgniter\CodeIgniter->runController(Object(App\Controllers\Users))
#6 C:\xampp\htdocs\projects\voters1\vendor\codeigniter4\framework\system\CodeIgniter.php(306): CodeIgniter\CodeIgniter->handleRequest(NULL, Object(Config\Cache), false)
#7 C:\xampp\htdocs\projects\voters1\public\index.php(45): CodeIgniter\CodeIgniter->run()
#8 C:\xampp\htdocs\projects\voters1\vendor\codeigniter4\framework\system\Commands\Server\rewrite.php(34): require_once('C:\\xampp\\htdocs...')
#9 {main}
CRITICAL - 2020-08-11 19:42:48 --> Use of undefined constant station - assumed 'station' (this will throw an Error in a future version of PHP)
#0 C:\xampp\htdocs\projects\voters1\app\Views\pollingstations\edit.php(15): CodeIgniter\Debug\Exceptions->errorHandler(2, 'Use of undefine...', 'C:\\xampp\\htdocs...', 15, Array)
#1 C:\xampp\htdocs\projects\voters1\vendor\codeigniter4\framework\system\View\View.php(236): include('C:\\xampp\\htdocs...')
#2 C:\xampp\htdocs\projects\voters1\vendor\codeigniter4\framework\system\Common.php(1071): CodeIgniter\View\View->render('pollingstations...', Array, true)
#3 C:\xampp\htdocs\projects\voters1\app\Controllers\PollingStation.php(57): view('pollingstations...')
#4 C:\xampp\htdocs\projects\voters1\vendor\codeigniter4\framework\system\CodeIgniter.php(910): App\Controllers\PollingStation->edit()
#5 C:\xampp\htdocs\projects\voters1\vendor\codeigniter4\framework\system\CodeIgniter.php(398): CodeIgniter\CodeIgniter->runController(Object(App\Controllers\PollingStation))
#6 C:\xampp\htdocs\projects\voters1\vendor\codeigniter4\framework\system\CodeIgniter.php(306): CodeIgniter\CodeIgniter->handleRequest(NULL, Object(Config\Cache), false)
#7 C:\xampp\htdocs\projects\voters1\public\index.php(45): CodeIgniter\CodeIgniter->run()
#8 C:\xampp\htdocs\projects\voters1\vendor\codeigniter4\framework\system\Commands\Server\rewrite.php(34): require_once('C:\\xampp\\htdocs...')
#9 {main}
CRITICAL - 2020-08-11 20:01:34 --> Undefined index: firstname
#0 C:\xampp\htdocs\projects\voters1\app\Views\users\profile.php(5): CodeIgniter\Debug\Exceptions->errorHandler(8, 'Undefined index...', 'C:\\xampp\\htdocs...', 5, Array)
#1 C:\xampp\htdocs\projects\voters1\vendor\codeigniter4\framework\system\View\View.php(236): include('C:\\xampp\\htdocs...')
#2 C:\xampp\htdocs\projects\voters1\vendor\codeigniter4\framework\system\Common.php(1071): CodeIgniter\View\View->render('users/profile', Array, true)
#3 C:\xampp\htdocs\projects\voters1\app\Controllers\Users.php(162): view('users/profile')
#4 C:\xampp\htdocs\projects\voters1\vendor\codeigniter4\framework\system\CodeIgniter.php(910): App\Controllers\Users->profile()
#5 C:\xampp\htdocs\projects\voters1\vendor\codeigniter4\framework\system\CodeIgniter.php(398): CodeIgniter\CodeIgniter->runController(Object(App\Controllers\Users))
#6 C:\xampp\htdocs\projects\voters1\vendor\codeigniter4\framework\system\CodeIgniter.php(306): CodeIgniter\CodeIgniter->handleRequest(NULL, Object(Config\Cache), false)
#7 C:\xampp\htdocs\projects\voters1\public\index.php(45): CodeIgniter\CodeIgniter->run()
#8 C:\xampp\htdocs\projects\voters1\vendor\codeigniter4\framework\system\Commands\Server\rewrite.php(34): require_once('C:\\xampp\\htdocs...')
#9 {main}
CRITICAL - 2020-08-11 20:03:15 --> Undefined index: firstname
#0 C:\xampp\htdocs\projects\voters1\app\Views\users\profile.php(5): CodeIgniter\Debug\Exceptions->errorHandler(8, 'Undefined index...', 'C:\\xampp\\htdocs...', 5, Array)
#1 C:\xampp\htdocs\projects\voters1\vendor\codeigniter4\framework\system\View\View.php(236): include('C:\\xampp\\htdocs...')
#2 C:\xampp\htdocs\projects\voters1\vendor\codeigniter4\framework\system\Common.php(1071): CodeIgniter\View\View->render('users/profile', Array, true)
#3 C:\xampp\htdocs\projects\voters1\app\Controllers\Users.php(162): view('users/profile')
#4 C:\xampp\htdocs\projects\voters1\vendor\codeigniter4\framework\system\CodeIgniter.php(910): App\Controllers\Users->profile()
#5 C:\xampp\htdocs\projects\voters1\vendor\codeigniter4\framework\system\CodeIgniter.php(398): CodeIgniter\CodeIgniter->runController(Object(App\Controllers\Users))
#6 C:\xampp\htdocs\projects\voters1\vendor\codeigniter4\framework\system\CodeIgniter.php(306): CodeIgniter\CodeIgniter->handleRequest(NULL, Object(Config\Cache), false)
#7 C:\xampp\htdocs\projects\voters1\public\index.php(45): CodeIgniter\CodeIgniter->run()
#8 C:\xampp\htdocs\projects\voters1\vendor\codeigniter4\framework\system\Commands\Server\rewrite.php(34): require_once('C:\\xampp\\htdocs...')
#9 {main}
CRITICAL - 2020-08-11 20:04:38 --> Undefined index: firstname
#0 C:\xampp\htdocs\projects\voters1\app\Views\users\profile.php(5): CodeIgniter\Debug\Exceptions->errorHandler(8, 'Undefined index...', 'C:\\xampp\\htdocs...', 5, Array)
#1 C:\xampp\htdocs\projects\voters1\vendor\codeigniter4\framework\system\View\View.php(236): include('C:\\xampp\\htdocs...')
#2 C:\xampp\htdocs\projects\voters1\vendor\codeigniter4\framework\system\Common.php(1071): CodeIgniter\View\View->render('users/profile', Array, true)
#3 C:\xampp\htdocs\projects\voters1\app\Controllers\Users.php(162): view('users/profile')
#4 C:\xampp\htdocs\projects\voters1\vendor\codeigniter4\framework\system\CodeIgniter.php(910): App\Controllers\Users->profile()
#5 C:\xampp\htdocs\projects\voters1\vendor\codeigniter4\framework\system\CodeIgniter.php(398): CodeIgniter\CodeIgniter->runController(Object(App\Controllers\Users))
#6 C:\xampp\htdocs\projects\voters1\vendor\codeigniter4\framework\system\CodeIgniter.php(306): CodeIgniter\CodeIgniter->handleRequest(NULL, Object(Config\Cache), false)
#7 C:\xampp\htdocs\projects\voters1\public\index.php(45): CodeIgniter\CodeIgniter->run()
#8 C:\xampp\htdocs\projects\voters1\vendor\codeigniter4\framework\system\Commands\Server\rewrite.php(34): require_once('C:\\xampp\\htdocs...')
#9 {main}
CRITICAL - 2020-08-11 20:10:57 --> Call to undefined function set_value()
#0 C:\xampp\htdocs\projects\voters1\vendor\codeigniter4\framework\system\View\View.php(236): include()
#1 C:\xampp\htdocs\projects\voters1\vendor\codeigniter4\framework\system\Common.php(1071): CodeIgniter\View\View->render('pollingstations...', Array, true)
#2 C:\xampp\htdocs\projects\voters1\app\Controllers\PollingStation.php(57): view('pollingstations...')
#3 C:\xampp\htdocs\projects\voters1\vendor\codeigniter4\framework\system\CodeIgniter.php(910): App\Controllers\PollingStation->edit()
#4 C:\xampp\htdocs\projects\voters1\vendor\codeigniter4\framework\system\CodeIgniter.php(398): CodeIgniter\CodeIgniter->runController(Object(App\Controllers\PollingStation))
#5 C:\xampp\htdocs\projects\voters1\vendor\codeigniter4\framework\system\CodeIgniter.php(306): CodeIgniter\CodeIgniter->handleRequest(NULL, Object(Config\Cache), false)
#6 C:\xampp\htdocs\projects\voters1\public\index.php(45): CodeIgniter\CodeIgniter->run()
#7 C:\xampp\htdocs\projects\voters1\vendor\codeigniter4\framework\system\Commands\Server\rewrite.php(34): require_once('C:\\xampp\\htdocs...')
#8 {main}
CRITICAL - 2020-08-11 20:13:16 --> Call to undefined function set_value()
#0 C:\xampp\htdocs\projects\voters1\vendor\codeigniter4\framework\system\View\View.php(236): include()
#1 C:\xampp\htdocs\projects\voters1\vendor\codeigniter4\framework\system\Common.php(1071): CodeIgniter\View\View->render('pollingstations...', Array, true)
#2 C:\xampp\htdocs\projects\voters1\app\Controllers\PollingStation.php(57): view('pollingstations...')
#3 C:\xampp\htdocs\projects\voters1\vendor\codeigniter4\framework\system\CodeIgniter.php(910): App\Controllers\PollingStation->edit()
#4 C:\xampp\htdocs\projects\voters1\vendor\codeigniter4\framework\system\CodeIgniter.php(398): CodeIgniter\CodeIgniter->runController(Object(App\Controllers\PollingStation))
#5 C:\xampp\htdocs\projects\voters1\vendor\codeigniter4\framework\system\CodeIgniter.php(306): CodeIgniter\CodeIgniter->handleRequest(NULL, Object(Config\Cache), false)
#6 C:\xampp\htdocs\projects\voters1\public\index.php(45): CodeIgniter\CodeIgniter->run()
#7 C:\xampp\htdocs\projects\voters1\vendor\codeigniter4\framework\system\Commands\Server\rewrite.php(34): require_once('C:\\xampp\\htdocs...')
#8 {main}
CRITICAL - 2020-08-11 20:14:53 --> Call to undefined function set_value()
#0 C:\xampp\htdocs\projects\voters1\vendor\codeigniter4\framework\system\View\View.php(236): include()
#1 C:\xampp\htdocs\projects\voters1\vendor\codeigniter4\framework\system\Common.php(1071): CodeIgniter\View\View->render('pollingstations...', Array, true)
#2 C:\xampp\htdocs\projects\voters1\app\Controllers\PollingStation.php(57): view('pollingstations...')
#3 C:\xampp\htdocs\projects\voters1\vendor\codeigniter4\framework\system\CodeIgniter.php(910): App\Controllers\PollingStation->edit()
#4 C:\xampp\htdocs\projects\voters1\vendor\codeigniter4\framework\system\CodeIgniter.php(398): CodeIgniter\CodeIgniter->runController(Object(App\Controllers\PollingStation))
#5 C:\xampp\htdocs\projects\voters1\vendor\codeigniter4\framework\system\CodeIgniter.php(306): CodeIgniter\CodeIgniter->handleRequest(NULL, Object(Config\Cache), false)
#6 C:\xampp\htdocs\projects\voters1\public\index.php(45): CodeIgniter\CodeIgniter->run()
#7 C:\xampp\htdocs\projects\voters1\vendor\codeigniter4\framework\system\Commands\Server\rewrite.php(34): require_once('C:\\xampp\\htdocs...')
#8 {main}
