CRITICAL - 2020-08-12 07:01:43 --> Invalid file: {0}
#0 C:\xampp\htdocs\projects\voters1\vendor\codeigniter4\framework\system\View\View.php(224): CodeIgniter\Exceptions\FrameworkException::forInvalidFile('pollingstations...')
#1 C:\xampp\htdocs\projects\voters1\vendor\codeigniter4\framework\system\Common.php(1071): CodeIgniter\View\View->render('pollingstations...', Array, true)
#2 C:\xampp\htdocs\projects\voters1\app\Controllers\PollingStation.php(58): view('pollingstations...')
#3 C:\xampp\htdocs\projects\voters1\vendor\codeigniter4\framework\system\CodeIgniter.php(910): App\Controllers\PollingStation->edit()
#4 C:\xampp\htdocs\projects\voters1\vendor\codeigniter4\framework\system\CodeIgniter.php(398): CodeIgniter\CodeIgniter->runController(Object(App\Controllers\PollingStation))
#5 C:\xampp\htdocs\projects\voters1\vendor\codeigniter4\framework\system\CodeIgniter.php(306): CodeIgniter\CodeIgniter->handleRequest(NULL, Object(Config\Cache), false)
#6 C:\xampp\htdocs\projects\voters1\public\index.php(45): CodeIgniter\CodeIgniter->run()
#7 C:\xampp\htdocs\projects\voters1\vendor\codeigniter4\framework\system\Commands\Server\rewrite.php(34): require_once('C:\\xampp\\htdocs...')
#8 {main}
CRITICAL - 2020-08-12 07:07:31 --> Undefined variable: data
#0 C:\xampp\htdocs\projects\voters1\app\Controllers\PollingStation.php(52): CodeIgniter\Debug\Exceptions->errorHandler(8, 'Undefined varia...', 'C:\\xampp\\htdocs...', 52, Array)
#1 C:\xampp\htdocs\projects\voters1\vendor\codeigniter4\framework\system\CodeIgniter.php(910): App\Controllers\PollingStation->edit()
#2 C:\xampp\htdocs\projects\voters1\vendor\codeigniter4\framework\system\CodeIgniter.php(398): CodeIgniter\CodeIgniter->runController(Object(App\Controllers\PollingStation))
#3 C:\xampp\htdocs\projects\voters1\vendor\codeigniter4\framework\system\CodeIgniter.php(306): CodeIgniter\CodeIgniter->handleRequest(NULL, Object(Config\Cache), false)
#4 C:\xampp\htdocs\projects\voters1\public\index.php(45): CodeIgniter\CodeIgniter->run()
#5 C:\xampp\htdocs\projects\voters1\vendor\codeigniter4\framework\system\Commands\Server\rewrite.php(34): require_once('C:\\xampp\\htdocs...')
#6 {main}
CRITICAL - 2020-08-12 07:08:05 --> Undefined variable: id
#0 C:\xampp\htdocs\projects\voters1\app\Controllers\PollingStation.php(54): CodeIgniter\Debug\Exceptions->errorHandler(8, 'Undefined varia...', 'C:\\xampp\\htdocs...', 54, Array)
#1 C:\xampp\htdocs\projects\voters1\vendor\codeigniter4\framework\system\CodeIgniter.php(910): App\Controllers\PollingStation->edit()
#2 C:\xampp\htdocs\projects\voters1\vendor\codeigniter4\framework\system\CodeIgniter.php(398): CodeIgniter\CodeIgniter->runController(Object(App\Controllers\PollingStation))
#3 C:\xampp\htdocs\projects\voters1\vendor\codeigniter4\framework\system\CodeIgniter.php(306): CodeIgniter\CodeIgniter->handleRequest(NULL, Object(Config\Cache), false)
#4 C:\xampp\htdocs\projects\voters1\public\index.php(45): CodeIgniter\CodeIgniter->run()
#5 C:\xampp\htdocs\projects\voters1\vendor\codeigniter4\framework\system\Commands\Server\rewrite.php(34): require_once('C:\\xampp\\htdocs...')
#6 {main}
CRITICAL - 2020-08-12 07:08:08 --> Undefined variable: id
#0 C:\xampp\htdocs\projects\voters1\app\Controllers\PollingStation.php(54): CodeIgniter\Debug\Exceptions->errorHandler(8, 'Undefined varia...', 'C:\\xampp\\htdocs...', 54, Array)
#1 C:\xampp\htdocs\projects\voters1\vendor\codeigniter4\framework\system\CodeIgniter.php(910): App\Controllers\PollingStation->edit()
#2 C:\xampp\htdocs\projects\voters1\vendor\codeigniter4\framework\system\CodeIgniter.php(398): CodeIgniter\CodeIgniter->runController(Object(App\Controllers\PollingStation))
#3 C:\xampp\htdocs\projects\voters1\vendor\codeigniter4\framework\system\CodeIgniter.php(306): CodeIgniter\CodeIgniter->handleRequest(NULL, Object(Config\Cache), false)
#4 C:\xampp\htdocs\projects\voters1\public\index.php(45): CodeIgniter\CodeIgniter->run()
#5 C:\xampp\htdocs\projects\voters1\vendor\codeigniter4\framework\system\Commands\Server\rewrite.php(34): require_once('C:\\xampp\\htdocs...')
#6 {main}
CRITICAL - 2020-08-12 07:08:26 --> Undefined variable: id
#0 C:\xampp\htdocs\projects\voters1\app\Controllers\PollingStation.php(54): CodeIgniter\Debug\Exceptions->errorHandler(8, 'Undefined varia...', 'C:\\xampp\\htdocs...', 54, Array)
#1 C:\xampp\htdocs\projects\voters1\vendor\codeigniter4\framework\system\CodeIgniter.php(910): App\Controllers\PollingStation->edit()
#2 C:\xampp\htdocs\projects\voters1\vendor\codeigniter4\framework\system\CodeIgniter.php(398): CodeIgniter\CodeIgniter->runController(Object(App\Controllers\PollingStation))
#3 C:\xampp\htdocs\projects\voters1\vendor\codeigniter4\framework\system\CodeIgniter.php(306): CodeIgniter\CodeIgniter->handleRequest(NULL, Object(Config\Cache), false)
#4 C:\xampp\htdocs\projects\voters1\public\index.php(45): CodeIgniter\CodeIgniter->run()
#5 C:\xampp\htdocs\projects\voters1\vendor\codeigniter4\framework\system\Commands\Server\rewrite.php(34): require_once('C:\\xampp\\htdocs...')
#6 {main}
CRITICAL - 2020-08-12 07:13:38 --> syntax error, unexpected ''/save'' (T_CONSTANT_ENCAPSED_STRING), expecting ']'
#0 C:\xampp\htdocs\projects\voters1\vendor\codeigniter4\framework\system\CodeIgniter.php(358): CodeIgniter\CodeIgniter->tryToRouteIt(NULL)
#1 C:\xampp\htdocs\projects\voters1\vendor\codeigniter4\framework\system\CodeIgniter.php(306): CodeIgniter\CodeIgniter->handleRequest(NULL, Object(Config\Cache), false)
#2 C:\xampp\htdocs\projects\voters1\public\index.php(45): CodeIgniter\CodeIgniter->run()
#3 C:\xampp\htdocs\projects\voters1\vendor\codeigniter4\framework\system\Commands\Server\rewrite.php(34): require_once('C:\\xampp\\htdocs...')
#4 {main}
CRITICAL - 2020-08-12 07:13:43 --> syntax error, unexpected ''/save'' (T_CONSTANT_ENCAPSED_STRING), expecting ']'
#0 C:\xampp\htdocs\projects\voters1\vendor\codeigniter4\framework\system\CodeIgniter.php(358): CodeIgniter\CodeIgniter->tryToRouteIt(NULL)
#1 C:\xampp\htdocs\projects\voters1\vendor\codeigniter4\framework\system\CodeIgniter.php(306): CodeIgniter\CodeIgniter->handleRequest(NULL, Object(Config\Cache), false)
#2 C:\xampp\htdocs\projects\voters1\public\index.php(45): CodeIgniter\CodeIgniter->run()
#3 C:\xampp\htdocs\projects\voters1\vendor\codeigniter4\framework\system\Commands\Server\rewrite.php(34): require_once('C:\\xampp\\htdocs...')
#4 {main}
CRITICAL - 2020-08-12 07:13:49 --> syntax error, unexpected ''/save'' (T_CONSTANT_ENCAPSED_STRING), expecting ']'
#0 C:\xampp\htdocs\projects\voters1\vendor\codeigniter4\framework\system\CodeIgniter.php(358): CodeIgniter\CodeIgniter->tryToRouteIt(NULL)
#1 C:\xampp\htdocs\projects\voters1\vendor\codeigniter4\framework\system\CodeIgniter.php(306): CodeIgniter\CodeIgniter->handleRequest(NULL, Object(Config\Cache), false)
#2 C:\xampp\htdocs\projects\voters1\public\index.php(45): CodeIgniter\CodeIgniter->run()
#3 C:\xampp\htdocs\projects\voters1\vendor\codeigniter4\framework\system\Commands\Server\rewrite.php(34): require_once('C:\\xampp\\htdocs...')
#4 {main}
CRITICAL - 2020-08-12 07:14:06 --> Argument 1 passed to CodeIgniter\Router\RouteCollection::get() must be of the type string, array given, called in C:\xampp\htdocs\projects\voters1\app\Config\Routes.php on line 37
#0 C:\xampp\htdocs\projects\voters1\app\Config\Routes.php(37): CodeIgniter\Router\RouteCollection->get(Array, '/save', 'PollingStation:...')
#1 C:\xampp\htdocs\projects\voters1\vendor\codeigniter4\framework\system\CodeIgniter.php(772): require('C:\\xampp\\htdocs...')
#2 C:\xampp\htdocs\projects\voters1\vendor\codeigniter4\framework\system\CodeIgniter.php(358): CodeIgniter\CodeIgniter->tryToRouteIt(Object(CodeIgniter\Router\RouteCollection))
#3 C:\xampp\htdocs\projects\voters1\vendor\codeigniter4\framework\system\CodeIgniter.php(306): CodeIgniter\CodeIgniter->handleRequest(NULL, Object(Config\Cache), false)
#4 C:\xampp\htdocs\projects\voters1\public\index.php(45): CodeIgniter\CodeIgniter->run()
#5 C:\xampp\htdocs\projects\voters1\vendor\codeigniter4\framework\system\Commands\Server\rewrite.php(34): require_once('C:\\xampp\\htdocs...')
#6 {main}
CRITICAL - 2020-08-12 07:25:37 --> Invalid file: {0}
#0 C:\xampp\htdocs\projects\voters1\vendor\codeigniter4\framework\system\View\View.php(224): CodeIgniter\Exceptions\FrameworkException::forInvalidFile('public/index.ph...')
#1 C:\xampp\htdocs\projects\voters1\vendor\codeigniter4\framework\system\Common.php(1071): CodeIgniter\View\View->render('public/index.ph...', Array, true)
#2 C:\xampp\htdocs\projects\voters1\app\Controllers\PollingStation.php(56): view('public/index.ph...', Array)
#3 C:\xampp\htdocs\projects\voters1\vendor\codeigniter4\framework\system\CodeIgniter.php(910): App\Controllers\PollingStation->edit()
#4 C:\xampp\htdocs\projects\voters1\vendor\codeigniter4\framework\system\CodeIgniter.php(398): CodeIgniter\CodeIgniter->runController(Object(App\Controllers\PollingStation))
#5 C:\xampp\htdocs\projects\voters1\vendor\codeigniter4\framework\system\CodeIgniter.php(306): CodeIgniter\CodeIgniter->handleRequest(NULL, Object(Config\Cache), false)
#6 C:\xampp\htdocs\projects\voters1\public\index.php(45): CodeIgniter\CodeIgniter->run()
#7 C:\xampp\htdocs\projects\voters1\vendor\codeigniter4\framework\system\Commands\Server\rewrite.php(34): require_once('C:\\xampp\\htdocs...')
#8 {main}
CRITICAL - 2020-08-12 07:26:48 --> Undefined variable: polling_station
#0 C:\xampp\htdocs\projects\voters1\app\Views\pollingstations\edit.php(15): CodeIgniter\Debug\Exceptions->errorHandler(8, 'Undefined varia...', 'C:\\xampp\\htdocs...', 15, Array)
#1 C:\xampp\htdocs\projects\voters1\vendor\codeigniter4\framework\system\View\View.php(236): include('C:\\xampp\\htdocs...')
#2 C:\xampp\htdocs\projects\voters1\vendor\codeigniter4\framework\system\Common.php(1071): CodeIgniter\View\View->render('pollingstations...', Array, true)
#3 C:\xampp\htdocs\projects\voters1\app\Controllers\PollingStation.php(59): view('pollingstations...')
#4 C:\xampp\htdocs\projects\voters1\vendor\codeigniter4\framework\system\CodeIgniter.php(910): App\Controllers\PollingStation->edit()
#5 C:\xampp\htdocs\projects\voters1\vendor\codeigniter4\framework\system\CodeIgniter.php(398): CodeIgniter\CodeIgniter->runController(Object(App\Controllers\PollingStation))
#6 C:\xampp\htdocs\projects\voters1\vendor\codeigniter4\framework\system\CodeIgniter.php(306): CodeIgniter\CodeIgniter->handleRequest(NULL, Object(Config\Cache), false)
#7 C:\xampp\htdocs\projects\voters1\public\index.php(45): CodeIgniter\CodeIgniter->run()
#8 C:\xampp\htdocs\projects\voters1\vendor\codeigniter4\framework\system\Commands\Server\rewrite.php(34): require_once('C:\\xampp\\htdocs...')
#9 {main}
CRITICAL - 2020-08-12 07:32:02 --> Cannot use object of type CodeIgniter\Database\MySQLi\Result as array
#0 C:\xampp\htdocs\projects\voters1\vendor\codeigniter4\framework\system\View\View.php(236): include()
#1 C:\xampp\htdocs\projects\voters1\vendor\codeigniter4\framework\system\Common.php(1071): CodeIgniter\View\View->render('pollingstations...', Array, true)
#2 C:\xampp\htdocs\projects\voters1\app\Controllers\PollingStation.php(59): view('pollingstations...')
#3 C:\xampp\htdocs\projects\voters1\vendor\codeigniter4\framework\system\CodeIgniter.php(910): App\Controllers\PollingStation->edit()
#4 C:\xampp\htdocs\projects\voters1\vendor\codeigniter4\framework\system\CodeIgniter.php(398): CodeIgniter\CodeIgniter->runController(Object(App\Controllers\PollingStation))
#5 C:\xampp\htdocs\projects\voters1\vendor\codeigniter4\framework\system\CodeIgniter.php(306): CodeIgniter\CodeIgniter->handleRequest(NULL, Object(Config\Cache), false)
#6 C:\xampp\htdocs\projects\voters1\public\index.php(45): CodeIgniter\CodeIgniter->run()
#7 C:\xampp\htdocs\projects\voters1\vendor\codeigniter4\framework\system\Commands\Server\rewrite.php(34): require_once('C:\\xampp\\htdocs...')
#8 {main}
CRITICAL - 2020-08-12 07:33:06 --> Call to a member function get() on null
#0 C:\xampp\htdocs\projects\voters1\vendor\codeigniter4\framework\system\CodeIgniter.php(910): App\Controllers\PollingStation->edit()
#1 C:\xampp\htdocs\projects\voters1\vendor\codeigniter4\framework\system\CodeIgniter.php(398): CodeIgniter\CodeIgniter->runController(Object(App\Controllers\PollingStation))
#2 C:\xampp\htdocs\projects\voters1\vendor\codeigniter4\framework\system\CodeIgniter.php(306): CodeIgniter\CodeIgniter->handleRequest(NULL, Object(Config\Cache), false)
#3 C:\xampp\htdocs\projects\voters1\public\index.php(45): CodeIgniter\CodeIgniter->run()
#4 C:\xampp\htdocs\projects\voters1\vendor\codeigniter4\framework\system\Commands\Server\rewrite.php(34): require_once('C:\\xampp\\htdocs...')
#5 {main}
CRITICAL - 2020-08-12 08:00:14 --> date_format() expects parameter 1 to be DateTimeInterface, bool given
#0 [internal function]: CodeIgniter\Debug\Exceptions->errorHandler(2, 'date_format() e...', 'C:\\xampp\\htdocs...', 99, Array)
#1 C:\xampp\htdocs\projects\voters1\app\Controllers\Users.php(99): date_format(false, 'd-m-Y')
#2 C:\xampp\htdocs\projects\voters1\vendor\codeigniter4\framework\system\CodeIgniter.php(910): App\Controllers\Users->register()
#3 C:\xampp\htdocs\projects\voters1\vendor\codeigniter4\framework\system\CodeIgniter.php(398): CodeIgniter\CodeIgniter->runController(Object(App\Controllers\Users))
#4 C:\xampp\htdocs\projects\voters1\vendor\codeigniter4\framework\system\CodeIgniter.php(306): CodeIgniter\CodeIgniter->handleRequest(NULL, Object(Config\Cache), false)
#5 C:\xampp\htdocs\projects\voters1\public\index.php(45): CodeIgniter\CodeIgniter->run()
#6 C:\xampp\htdocs\projects\voters1\vendor\codeigniter4\framework\system\Commands\Server\rewrite.php(34): require_once('C:\\xampp\\htdocs...')
#7 {main}
CRITICAL - 2020-08-12 08:04:53 --> Class 'App\Controllers\DateTime' not found
#0 C:\xampp\htdocs\projects\voters1\vendor\codeigniter4\framework\system\CodeIgniter.php(910): App\Controllers\Users->register()
#1 C:\xampp\htdocs\projects\voters1\vendor\codeigniter4\framework\system\CodeIgniter.php(398): CodeIgniter\CodeIgniter->runController(Object(App\Controllers\Users))
#2 C:\xampp\htdocs\projects\voters1\vendor\codeigniter4\framework\system\CodeIgniter.php(306): CodeIgniter\CodeIgniter->handleRequest(NULL, Object(Config\Cache), false)
#3 C:\xampp\htdocs\projects\voters1\public\index.php(45): CodeIgniter\CodeIgniter->run()
#4 C:\xampp\htdocs\projects\voters1\vendor\codeigniter4\framework\system\Commands\Server\rewrite.php(34): require_once('C:\\xampp\\htdocs...')
#5 {main}
CRITICAL - 2020-08-12 08:06:49 --> Call to a member function format() on bool
#0 C:\xampp\htdocs\projects\voters1\vendor\codeigniter4\framework\system\CodeIgniter.php(910): App\Controllers\Users->register()
#1 C:\xampp\htdocs\projects\voters1\vendor\codeigniter4\framework\system\CodeIgniter.php(398): CodeIgniter\CodeIgniter->runController(Object(App\Controllers\Users))
#2 C:\xampp\htdocs\projects\voters1\vendor\codeigniter4\framework\system\CodeIgniter.php(306): CodeIgniter\CodeIgniter->handleRequest(NULL, Object(Config\Cache), false)
#3 C:\xampp\htdocs\projects\voters1\public\index.php(45): CodeIgniter\CodeIgniter->run()
#4 C:\xampp\htdocs\projects\voters1\vendor\codeigniter4\framework\system\Commands\Server\rewrite.php(34): require_once('C:\\xampp\\htdocs...')
#5 {main}
