CRITICAL - 2020-08-14 02:42:17 --> Argument 2 passed to set_value() must be of the type string, null given, called in C:\xampp\htdocs\projects\voters1\app\Views\users\profile.php on line 22
#0 C:\xampp\htdocs\projects\voters1\app\Views\users\profile.php(22): set_value('fullname', NULL)
#1 C:\xampp\htdocs\projects\voters1\vendor\codeigniter4\framework\system\View\View.php(236): include('C:\\xampp\\htdocs...')
#2 C:\xampp\htdocs\projects\voters1\vendor\codeigniter4\framework\system\Common.php(1071): CodeIgniter\View\View->render('users/profile', Array, true)
#3 C:\xampp\htdocs\projects\voters1\app\Controllers\Users.php(171): view('users/profile')
#4 C:\xampp\htdocs\projects\voters1\vendor\codeigniter4\framework\system\CodeIgniter.php(910): App\Controllers\Users->profile()
#5 C:\xampp\htdocs\projects\voters1\vendor\codeigniter4\framework\system\CodeIgniter.php(398): CodeIgniter\CodeIgniter->runController(Object(App\Controllers\Users))
#6 C:\xampp\htdocs\projects\voters1\vendor\codeigniter4\framework\system\CodeIgniter.php(306): CodeIgniter\CodeIgniter->handleRequest(NULL, Object(Config\Cache), false)
#7 C:\xampp\htdocs\projects\voters1\public\index.php(45): CodeIgniter\CodeIgniter->run()
#8 C:\xampp\htdocs\projects\voters1\vendor\codeigniter4\framework\system\Commands\Server\rewrite.php(34): require_once('C:\\xampp\\htdocs...')
#9 {main}
CRITICAL - 2020-08-14 02:48:45 --> Undefined variable: membertypes
#0 C:\xampp\htdocs\projects\voters1\app\Views\membertype\index.php(20): CodeIgniter\Debug\Exceptions->errorHandler(8, 'Undefined varia...', 'C:\\xampp\\htdocs...', 20, Array)
#1 C:\xampp\htdocs\projects\voters1\vendor\codeigniter4\framework\system\View\View.php(236): include('C:\\xampp\\htdocs...')
#2 C:\xampp\htdocs\projects\voters1\vendor\codeigniter4\framework\system\Common.php(1071): CodeIgniter\View\View->render('membertype/inde...', Array, true)
#3 C:\xampp\htdocs\projects\voters1\app\Controllers\MemberType.php(26): view('membertype/inde...')
#4 C:\xampp\htdocs\projects\voters1\vendor\codeigniter4\framework\system\CodeIgniter.php(910): App\Controllers\MemberType->create()
#5 C:\xampp\htdocs\projects\voters1\vendor\codeigniter4\framework\system\CodeIgniter.php(398): CodeIgniter\CodeIgniter->runController(Object(App\Controllers\MemberType))
#6 C:\xampp\htdocs\projects\voters1\vendor\codeigniter4\framework\system\CodeIgniter.php(306): CodeIgniter\CodeIgniter->handleRequest(NULL, Object(Config\Cache), false)
#7 C:\xampp\htdocs\projects\voters1\public\index.php(45): CodeIgniter\CodeIgniter->run()
#8 C:\xampp\htdocs\projects\voters1\vendor\codeigniter4\framework\system\Commands\Server\rewrite.php(34): require_once('C:\\xampp\\htdocs...')
#9 {main}
CRITICAL - 2020-08-14 02:49:18 --> Undefined variable: model
#0 C:\xampp\htdocs\projects\voters1\app\Controllers\MemberType.php(23): CodeIgniter\Debug\Exceptions->errorHandler(8, 'Undefined varia...', 'C:\\xampp\\htdocs...', 23, Array)
#1 C:\xampp\htdocs\projects\voters1\vendor\codeigniter4\framework\system\CodeIgniter.php(910): App\Controllers\MemberType->create()
#2 C:\xampp\htdocs\projects\voters1\vendor\codeigniter4\framework\system\CodeIgniter.php(398): CodeIgniter\CodeIgniter->runController(Object(App\Controllers\MemberType))
#3 C:\xampp\htdocs\projects\voters1\vendor\codeigniter4\framework\system\CodeIgniter.php(306): CodeIgniter\CodeIgniter->handleRequest(NULL, Object(Config\Cache), false)
#4 C:\xampp\htdocs\projects\voters1\public\index.php(45): CodeIgniter\CodeIgniter->run()
#5 C:\xampp\htdocs\projects\voters1\vendor\codeigniter4\framework\system\Commands\Server\rewrite.php(34): require_once('C:\\xampp\\htdocs...')
#6 {main}
CRITICAL - 2020-08-14 03:41:16 --> Undefined index: name
#0 C:\xampp\htdocs\projects\voters1\app\Views\users\register.php(60): CodeIgniter\Debug\Exceptions->errorHandler(8, 'Undefined index...', 'C:\\xampp\\htdocs...', 60, Array)
#1 C:\xampp\htdocs\projects\voters1\vendor\codeigniter4\framework\system\View\View.php(236): include('C:\\xampp\\htdocs...')
#2 C:\xampp\htdocs\projects\voters1\vendor\codeigniter4\framework\system\Common.php(1071): CodeIgniter\View\View->render('users/register', Array, true)
#3 C:\xampp\htdocs\projects\voters1\app\Controllers\Users.php(127): view('users/register', Array)
#4 C:\xampp\htdocs\projects\voters1\vendor\codeigniter4\framework\system\CodeIgniter.php(910): App\Controllers\Users->register()
#5 C:\xampp\htdocs\projects\voters1\vendor\codeigniter4\framework\system\CodeIgniter.php(398): CodeIgniter\CodeIgniter->runController(Object(App\Controllers\Users))
#6 C:\xampp\htdocs\projects\voters1\vendor\codeigniter4\framework\system\CodeIgniter.php(306): CodeIgniter\CodeIgniter->handleRequest(NULL, Object(Config\Cache), false)
#7 C:\xampp\htdocs\projects\voters1\public\index.php(45): CodeIgniter\CodeIgniter->run()
#8 C:\xampp\htdocs\projects\voters1\vendor\codeigniter4\framework\system\Commands\Server\rewrite.php(34): require_once('C:\\xampp\\htdocs...')
#9 {main}
CRITICAL - 2020-08-14 03:53:05 --> Undefined variable: pollingstations
#0 C:\xampp\htdocs\projects\voters1\app\Views\users\register.php(63): CodeIgniter\Debug\Exceptions->errorHandler(8, 'Undefined varia...', 'C:\\xampp\\htdocs...', 63, Array)
#1 C:\xampp\htdocs\projects\voters1\vendor\codeigniter4\framework\system\View\View.php(236): include('C:\\xampp\\htdocs...')
#2 C:\xampp\htdocs\projects\voters1\vendor\codeigniter4\framework\system\Common.php(1071): CodeIgniter\View\View->render('users/register', Array, true)
#3 C:\xampp\htdocs\projects\voters1\app\Controllers\Users.php(127): view('users/register', Array)
#4 C:\xampp\htdocs\projects\voters1\vendor\codeigniter4\framework\system\CodeIgniter.php(910): App\Controllers\Users->register()
#5 C:\xampp\htdocs\projects\voters1\vendor\codeigniter4\framework\system\CodeIgniter.php(398): CodeIgniter\CodeIgniter->runController(Object(App\Controllers\Users))
#6 C:\xampp\htdocs\projects\voters1\vendor\codeigniter4\framework\system\CodeIgniter.php(306): CodeIgniter\CodeIgniter->handleRequest(NULL, Object(Config\Cache), false)
#7 C:\xampp\htdocs\projects\voters1\public\index.php(45): CodeIgniter\CodeIgniter->run()
#8 C:\xampp\htdocs\projects\voters1\vendor\codeigniter4\framework\system\Commands\Server\rewrite.php(34): require_once('C:\\xampp\\htdocs...')
#9 {main}
CRITICAL - 2020-08-14 04:39:00 --> Undefined variable: alldata
#0 C:\xampp\htdocs\projects\voters1\app\Views\users\register.php(44): CodeIgniter\Debug\Exceptions->errorHandler(8, 'Undefined varia...', 'C:\\xampp\\htdocs...', 44, Array)
#1 C:\xampp\htdocs\projects\voters1\vendor\codeigniter4\framework\system\View\View.php(236): include('C:\\xampp\\htdocs...')
#2 C:\xampp\htdocs\projects\voters1\vendor\codeigniter4\framework\system\Common.php(1071): CodeIgniter\View\View->render('users/register', Array, true)
#3 C:\xampp\htdocs\projects\voters1\app\Controllers\Users.php(129): view('users/register', Array)
#4 C:\xampp\htdocs\projects\voters1\vendor\codeigniter4\framework\system\CodeIgniter.php(910): App\Controllers\Users->register()
#5 C:\xampp\htdocs\projects\voters1\vendor\codeigniter4\framework\system\CodeIgniter.php(398): CodeIgniter\CodeIgniter->runController(Object(App\Controllers\Users))
#6 C:\xampp\htdocs\projects\voters1\vendor\codeigniter4\framework\system\CodeIgniter.php(306): CodeIgniter\CodeIgniter->handleRequest(NULL, Object(Config\Cache), false)
#7 C:\xampp\htdocs\projects\voters1\public\index.php(45): CodeIgniter\CodeIgniter->run()
#8 C:\xampp\htdocs\projects\voters1\vendor\codeigniter4\framework\system\Commands\Server\rewrite.php(34): require_once('C:\\xampp\\htdocs...')
#9 {main}
CRITICAL - 2020-08-14 04:40:14 --> Undefined index: membertypes
#0 C:\xampp\htdocs\projects\voters1\app\Views\users\register.php(44): CodeIgniter\Debug\Exceptions->errorHandler(8, 'Undefined index...', 'C:\\xampp\\htdocs...', 44, Array)
#1 C:\xampp\htdocs\projects\voters1\vendor\codeigniter4\framework\system\View\View.php(236): include('C:\\xampp\\htdocs...')
#2 C:\xampp\htdocs\projects\voters1\vendor\codeigniter4\framework\system\Common.php(1071): CodeIgniter\View\View->render('users/register', Array, true)
#3 C:\xampp\htdocs\projects\voters1\app\Controllers\Users.php(129): view('users/register', Array)
#4 C:\xampp\htdocs\projects\voters1\vendor\codeigniter4\framework\system\CodeIgniter.php(910): App\Controllers\Users->register()
#5 C:\xampp\htdocs\projects\voters1\vendor\codeigniter4\framework\system\CodeIgniter.php(398): CodeIgniter\CodeIgniter->runController(Object(App\Controllers\Users))
#6 C:\xampp\htdocs\projects\voters1\vendor\codeigniter4\framework\system\CodeIgniter.php(306): CodeIgniter\CodeIgniter->handleRequest(NULL, Object(Config\Cache), false)
#7 C:\xampp\htdocs\projects\voters1\public\index.php(45): CodeIgniter\CodeIgniter->run()
#8 C:\xampp\htdocs\projects\voters1\vendor\codeigniter4\framework\system\Commands\Server\rewrite.php(34): require_once('C:\\xampp\\htdocs...')
#9 {main}
CRITICAL - 2020-08-14 04:41:49 --> Undefined index: membertypedata
#0 C:\xampp\htdocs\projects\voters1\app\Views\users\register.php(44): CodeIgniter\Debug\Exceptions->errorHandler(8, 'Undefined index...', 'C:\\xampp\\htdocs...', 44, Array)
#1 C:\xampp\htdocs\projects\voters1\vendor\codeigniter4\framework\system\View\View.php(236): include('C:\\xampp\\htdocs...')
#2 C:\xampp\htdocs\projects\voters1\vendor\codeigniter4\framework\system\Common.php(1071): CodeIgniter\View\View->render('users/register', Array, true)
#3 C:\xampp\htdocs\projects\voters1\app\Controllers\Users.php(129): view('users/register', Array)
#4 C:\xampp\htdocs\projects\voters1\vendor\codeigniter4\framework\system\CodeIgniter.php(910): App\Controllers\Users->register()
#5 C:\xampp\htdocs\projects\voters1\vendor\codeigniter4\framework\system\CodeIgniter.php(398): CodeIgniter\CodeIgniter->runController(Object(App\Controllers\Users))
#6 C:\xampp\htdocs\projects\voters1\vendor\codeigniter4\framework\system\CodeIgniter.php(306): CodeIgniter\CodeIgniter->handleRequest(NULL, Object(Config\Cache), false)
#7 C:\xampp\htdocs\projects\voters1\public\index.php(45): CodeIgniter\CodeIgniter->run()
#8 C:\xampp\htdocs\projects\voters1\vendor\codeigniter4\framework\system\Commands\Server\rewrite.php(34): require_once('C:\\xampp\\htdocs...')
#9 {main}
CRITICAL - 2020-08-14 04:43:55 --> Undefined index: membertypes
#0 C:\xampp\htdocs\projects\voters1\app\Views\users\register.php(44): CodeIgniter\Debug\Exceptions->errorHandler(8, 'Undefined index...', 'C:\\xampp\\htdocs...', 44, Array)
#1 C:\xampp\htdocs\projects\voters1\vendor\codeigniter4\framework\system\View\View.php(236): include('C:\\xampp\\htdocs...')
#2 C:\xampp\htdocs\projects\voters1\vendor\codeigniter4\framework\system\Common.php(1071): CodeIgniter\View\View->render('users/register', Array, true)
#3 C:\xampp\htdocs\projects\voters1\app\Controllers\Users.php(129): view('users/register', Array)
#4 C:\xampp\htdocs\projects\voters1\vendor\codeigniter4\framework\system\CodeIgniter.php(910): App\Controllers\Users->register()
#5 C:\xampp\htdocs\projects\voters1\vendor\codeigniter4\framework\system\CodeIgniter.php(398): CodeIgniter\CodeIgniter->runController(Object(App\Controllers\Users))
#6 C:\xampp\htdocs\projects\voters1\vendor\codeigniter4\framework\system\CodeIgniter.php(306): CodeIgniter\CodeIgniter->handleRequest(NULL, Object(Config\Cache), false)
#7 C:\xampp\htdocs\projects\voters1\public\index.php(45): CodeIgniter\CodeIgniter->run()
#8 C:\xampp\htdocs\projects\voters1\vendor\codeigniter4\framework\system\Commands\Server\rewrite.php(34): require_once('C:\\xampp\\htdocs...')
#9 {main}
CRITICAL - 2020-08-14 04:46:49 --> Trying to get property 'membertypes' of non-object
#0 C:\xampp\htdocs\projects\voters1\app\Views\users\register.php(44): CodeIgniter\Debug\Exceptions->errorHandler(8, 'Trying to get p...', 'C:\\xampp\\htdocs...', 44, Array)
#1 C:\xampp\htdocs\projects\voters1\vendor\codeigniter4\framework\system\View\View.php(236): include('C:\\xampp\\htdocs...')
#2 C:\xampp\htdocs\projects\voters1\vendor\codeigniter4\framework\system\Common.php(1071): CodeIgniter\View\View->render('users/register', Array, true)
#3 C:\xampp\htdocs\projects\voters1\app\Controllers\Users.php(129): view('users/register', Array)
#4 C:\xampp\htdocs\projects\voters1\vendor\codeigniter4\framework\system\CodeIgniter.php(910): App\Controllers\Users->register()
#5 C:\xampp\htdocs\projects\voters1\vendor\codeigniter4\framework\system\CodeIgniter.php(398): CodeIgniter\CodeIgniter->runController(Object(App\Controllers\Users))
#6 C:\xampp\htdocs\projects\voters1\vendor\codeigniter4\framework\system\CodeIgniter.php(306): CodeIgniter\CodeIgniter->handleRequest(NULL, Object(Config\Cache), false)
#7 C:\xampp\htdocs\projects\voters1\public\index.php(45): CodeIgniter\CodeIgniter->run()
#8 C:\xampp\htdocs\projects\voters1\vendor\codeigniter4\framework\system\Commands\Server\rewrite.php(34): require_once('C:\\xampp\\htdocs...')
#9 {main}
CRITICAL - 2020-08-14 04:47:23 --> Undefined index: membertypes
#0 C:\xampp\htdocs\projects\voters1\app\Views\users\register.php(44): CodeIgniter\Debug\Exceptions->errorHandler(8, 'Undefined index...', 'C:\\xampp\\htdocs...', 44, Array)
#1 C:\xampp\htdocs\projects\voters1\vendor\codeigniter4\framework\system\View\View.php(236): include('C:\\xampp\\htdocs...')
#2 C:\xampp\htdocs\projects\voters1\vendor\codeigniter4\framework\system\Common.php(1071): CodeIgniter\View\View->render('users/register', Array, true)
#3 C:\xampp\htdocs\projects\voters1\app\Controllers\Users.php(129): view('users/register', Array)
#4 C:\xampp\htdocs\projects\voters1\vendor\codeigniter4\framework\system\CodeIgniter.php(910): App\Controllers\Users->register()
#5 C:\xampp\htdocs\projects\voters1\vendor\codeigniter4\framework\system\CodeIgniter.php(398): CodeIgniter\CodeIgniter->runController(Object(App\Controllers\Users))
#6 C:\xampp\htdocs\projects\voters1\vendor\codeigniter4\framework\system\CodeIgniter.php(306): CodeIgniter\CodeIgniter->handleRequest(NULL, Object(Config\Cache), false)
#7 C:\xampp\htdocs\projects\voters1\public\index.php(45): CodeIgniter\CodeIgniter->run()
#8 C:\xampp\htdocs\projects\voters1\vendor\codeigniter4\framework\system\Commands\Server\rewrite.php(34): require_once('C:\\xampp\\htdocs...')
#9 {main}
CRITICAL - 2020-08-14 04:50:07 --> Undefined index: pollingstations
#0 C:\xampp\htdocs\projects\voters1\app\Views\users\register.php(44): CodeIgniter\Debug\Exceptions->errorHandler(8, 'Undefined index...', 'C:\\xampp\\htdocs...', 44, Array)
#1 C:\xampp\htdocs\projects\voters1\vendor\codeigniter4\framework\system\View\View.php(236): include('C:\\xampp\\htdocs...')
#2 C:\xampp\htdocs\projects\voters1\vendor\codeigniter4\framework\system\Common.php(1071): CodeIgniter\View\View->render('users/register', Array, true)
#3 C:\xampp\htdocs\projects\voters1\app\Controllers\Users.php(129): view('users/register', Array)
#4 C:\xampp\htdocs\projects\voters1\vendor\codeigniter4\framework\system\CodeIgniter.php(910): App\Controllers\Users->register()
#5 C:\xampp\htdocs\projects\voters1\vendor\codeigniter4\framework\system\CodeIgniter.php(398): CodeIgniter\CodeIgniter->runController(Object(App\Controllers\Users))
#6 C:\xampp\htdocs\projects\voters1\vendor\codeigniter4\framework\system\CodeIgniter.php(306): CodeIgniter\CodeIgniter->handleRequest(NULL, Object(Config\Cache), false)
#7 C:\xampp\htdocs\projects\voters1\public\index.php(45): CodeIgniter\CodeIgniter->run()
#8 C:\xampp\htdocs\projects\voters1\vendor\codeigniter4\framework\system\Commands\Server\rewrite.php(34): require_once('C:\\xampp\\htdocs...')
#9 {main}
CRITICAL - 2020-08-14 04:53:29 --> Undefined index: membertype
#0 C:\xampp\htdocs\projects\voters1\app\Views\users\register.php(45): CodeIgniter\Debug\Exceptions->errorHandler(8, 'Undefined index...', 'C:\\xampp\\htdocs...', 45, Array)
#1 C:\xampp\htdocs\projects\voters1\vendor\codeigniter4\framework\system\View\View.php(236): include('C:\\xampp\\htdocs...')
#2 C:\xampp\htdocs\projects\voters1\vendor\codeigniter4\framework\system\Common.php(1071): CodeIgniter\View\View->render('users/register', Array, true)
#3 C:\xampp\htdocs\projects\voters1\app\Controllers\Users.php(129): view('users/register', Array)
#4 C:\xampp\htdocs\projects\voters1\vendor\codeigniter4\framework\system\CodeIgniter.php(910): App\Controllers\Users->register()
#5 C:\xampp\htdocs\projects\voters1\vendor\codeigniter4\framework\system\CodeIgniter.php(398): CodeIgniter\CodeIgniter->runController(Object(App\Controllers\Users))
#6 C:\xampp\htdocs\projects\voters1\vendor\codeigniter4\framework\system\CodeIgniter.php(306): CodeIgniter\CodeIgniter->handleRequest(NULL, Object(Config\Cache), false)
#7 C:\xampp\htdocs\projects\voters1\public\index.php(45): CodeIgniter\CodeIgniter->run()
#8 C:\xampp\htdocs\projects\voters1\vendor\codeigniter4\framework\system\Commands\Server\rewrite.php(34): require_once('C:\\xampp\\htdocs...')
#9 {main}
CRITICAL - 2020-08-14 04:57:47 --> Undefined index: pollingstations
#0 C:\xampp\htdocs\projects\voters1\app\Controllers\Users.php(86): CodeIgniter\Debug\Exceptions->errorHandler(8, 'Undefined index...', 'C:\\xampp\\htdocs...', 86, Array)
#1 C:\xampp\htdocs\projects\voters1\vendor\codeigniter4\framework\system\CodeIgniter.php(910): App\Controllers\Users->register()
#2 C:\xampp\htdocs\projects\voters1\vendor\codeigniter4\framework\system\CodeIgniter.php(398): CodeIgniter\CodeIgniter->runController(Object(App\Controllers\Users))
#3 C:\xampp\htdocs\projects\voters1\vendor\codeigniter4\framework\system\CodeIgniter.php(306): CodeIgniter\CodeIgniter->handleRequest(NULL, Object(Config\Cache), false)
#4 C:\xampp\htdocs\projects\voters1\public\index.php(45): CodeIgniter\CodeIgniter->run()
#5 C:\xampp\htdocs\projects\voters1\vendor\codeigniter4\framework\system\Commands\Server\rewrite.php(34): require_once('C:\\xampp\\htdocs...')
#6 {main}
CRITICAL - 2020-08-14 06:40:01 --> Undefined variable: station
#0 C:\xampp\htdocs\projects\voters1\app\Views\membertype\edit.php(15): CodeIgniter\Debug\Exceptions->errorHandler(8, 'Undefined varia...', 'C:\\xampp\\htdocs...', 15, Array)
#1 C:\xampp\htdocs\projects\voters1\vendor\codeigniter4\framework\system\View\View.php(236): include('C:\\xampp\\htdocs...')
#2 C:\xampp\htdocs\projects\voters1\vendor\codeigniter4\framework\system\Common.php(1071): CodeIgniter\View\View->render('membertype/edit', Array, true)
#3 C:\xampp\htdocs\projects\voters1\app\Controllers\MemberType.php(61): view('membertype/edit')
#4 C:\xampp\htdocs\projects\voters1\vendor\codeigniter4\framework\system\CodeIgniter.php(910): App\Controllers\MemberType->edit()
#5 C:\xampp\htdocs\projects\voters1\vendor\codeigniter4\framework\system\CodeIgniter.php(398): CodeIgniter\CodeIgniter->runController(Object(App\Controllers\MemberType))
#6 C:\xampp\htdocs\projects\voters1\vendor\codeigniter4\framework\system\CodeIgniter.php(306): CodeIgniter\CodeIgniter->handleRequest(NULL, Object(Config\Cache), false)
#7 C:\xampp\htdocs\projects\voters1\public\index.php(45): CodeIgniter\CodeIgniter->run()
#8 C:\xampp\htdocs\projects\voters1\vendor\codeigniter4\framework\system\Commands\Server\rewrite.php(34): require_once('C:\\xampp\\htdocs...')
#9 {main}
CRITICAL - 2020-08-14 06:42:36 --> Undefined variable: 
#0 C:\xampp\htdocs\projects\voters1\app\Views\membertype\edit.php(15): CodeIgniter\Debug\Exceptions->errorHandler(8, 'Undefined varia...', 'C:\\xampp\\htdocs...', 15, Array)
#1 C:\xampp\htdocs\projects\voters1\vendor\codeigniter4\framework\system\View\View.php(236): include('C:\\xampp\\htdocs...')
#2 C:\xampp\htdocs\projects\voters1\vendor\codeigniter4\framework\system\Common.php(1071): CodeIgniter\View\View->render('membertype/edit', Array, true)
#3 C:\xampp\htdocs\projects\voters1\app\Controllers\MemberType.php(61): view('membertype/edit')
#4 C:\xampp\htdocs\projects\voters1\vendor\codeigniter4\framework\system\CodeIgniter.php(910): App\Controllers\MemberType->edit()
#5 C:\xampp\htdocs\projects\voters1\vendor\codeigniter4\framework\system\CodeIgniter.php(398): CodeIgniter\CodeIgniter->runController(Object(App\Controllers\MemberType))
#6 C:\xampp\htdocs\projects\voters1\vendor\codeigniter4\framework\system\CodeIgniter.php(306): CodeIgniter\CodeIgniter->handleRequest(NULL, Object(Config\Cache), false)
#7 C:\xampp\htdocs\projects\voters1\public\index.php(45): CodeIgniter\CodeIgniter->run()
#8 C:\xampp\htdocs\projects\voters1\vendor\codeigniter4\framework\system\Commands\Server\rewrite.php(34): require_once('C:\\xampp\\htdocs...')
#9 {main}
CRITICAL - 2020-08-14 06:43:44 --> Undefined variable: 
#0 C:\xampp\htdocs\projects\voters1\app\Views\membertype\edit.php(15): CodeIgniter\Debug\Exceptions->errorHandler(8, 'Undefined varia...', 'C:\\xampp\\htdocs...', 15, Array)
#1 C:\xampp\htdocs\projects\voters1\vendor\codeigniter4\framework\system\View\View.php(236): include('C:\\xampp\\htdocs...')
#2 C:\xampp\htdocs\projects\voters1\vendor\codeigniter4\framework\system\Common.php(1071): CodeIgniter\View\View->render('membertype/edit', Array, true)
#3 C:\xampp\htdocs\projects\voters1\app\Controllers\MemberType.php(61): view('membertype/edit')
#4 C:\xampp\htdocs\projects\voters1\vendor\codeigniter4\framework\system\CodeIgniter.php(910): App\Controllers\MemberType->edit()
#5 C:\xampp\htdocs\projects\voters1\vendor\codeigniter4\framework\system\CodeIgniter.php(398): CodeIgniter\CodeIgniter->runController(Object(App\Controllers\MemberType))
#6 C:\xampp\htdocs\projects\voters1\vendor\codeigniter4\framework\system\CodeIgniter.php(306): CodeIgniter\CodeIgniter->handleRequest(NULL, Object(Config\Cache), false)
#7 C:\xampp\htdocs\projects\voters1\public\index.php(45): CodeIgniter\CodeIgniter->run()
#8 C:\xampp\htdocs\projects\voters1\vendor\codeigniter4\framework\system\Commands\Server\rewrite.php(34): require_once('C:\\xampp\\htdocs...')
#9 {main}
CRITICAL - 2020-08-14 06:44:25 --> Undefined variable: 
#0 C:\xampp\htdocs\projects\voters1\app\Views\membertype\edit.php(19): CodeIgniter\Debug\Exceptions->errorHandler(8, 'Undefined varia...', 'C:\\xampp\\htdocs...', 19, Array)
#1 C:\xampp\htdocs\projects\voters1\vendor\codeigniter4\framework\system\View\View.php(236): include('C:\\xampp\\htdocs...')
#2 C:\xampp\htdocs\projects\voters1\vendor\codeigniter4\framework\system\Common.php(1071): CodeIgniter\View\View->render('membertype/edit', Array, true)
#3 C:\xampp\htdocs\projects\voters1\app\Controllers\MemberType.php(61): view('membertype/edit')
#4 C:\xampp\htdocs\projects\voters1\vendor\codeigniter4\framework\system\CodeIgniter.php(910): App\Controllers\MemberType->edit()
#5 C:\xampp\htdocs\projects\voters1\vendor\codeigniter4\framework\system\CodeIgniter.php(398): CodeIgniter\CodeIgniter->runController(Object(App\Controllers\MemberType))
#6 C:\xampp\htdocs\projects\voters1\vendor\codeigniter4\framework\system\CodeIgniter.php(306): CodeIgniter\CodeIgniter->handleRequest(NULL, Object(Config\Cache), false)
#7 C:\xampp\htdocs\projects\voters1\public\index.php(45): CodeIgniter\CodeIgniter->run()
#8 C:\xampp\htdocs\projects\voters1\vendor\codeigniter4\framework\system\Commands\Server\rewrite.php(34): require_once('C:\\xampp\\htdocs...')
#9 {main}
CRITICAL - 2020-08-14 07:02:18 --> Column 'name' cannot be null
#0 C:\xampp\htdocs\projects\voters1\vendor\codeigniter4\framework\system\Database\MySQLi\Connection.php(330): mysqli->query('INSERT INTO `po...')
#1 C:\xampp\htdocs\projects\voters1\vendor\codeigniter4\framework\system\Database\BaseConnection.php(738): CodeIgniter\Database\MySQLi\Connection->execute('INSERT INTO `po...')
#2 C:\xampp\htdocs\projects\voters1\vendor\codeigniter4\framework\system\Database\BaseConnection.php(666): CodeIgniter\Database\BaseConnection->simpleQuery('INSERT INTO `po...')
#3 C:\xampp\htdocs\projects\voters1\vendor\codeigniter4\framework\system\Database\BaseBuilder.php(2206): CodeIgniter\Database\BaseConnection->query('INSERT INTO `po...', Array, false)
#4 C:\xampp\htdocs\projects\voters1\vendor\codeigniter4\framework\system\Model.php(722): CodeIgniter\Database\BaseBuilder->insert()
#5 C:\xampp\htdocs\projects\voters1\app\Controllers\PollingStation.php(43): CodeIgniter\Model->insert(Array)
#6 C:\xampp\htdocs\projects\voters1\vendor\codeigniter4\framework\system\CodeIgniter.php(910): App\Controllers\PollingStation->store()
#7 C:\xampp\htdocs\projects\voters1\vendor\codeigniter4\framework\system\CodeIgniter.php(398): CodeIgniter\CodeIgniter->runController(Object(App\Controllers\PollingStation))
#8 C:\xampp\htdocs\projects\voters1\vendor\codeigniter4\framework\system\CodeIgniter.php(306): CodeIgniter\CodeIgniter->handleRequest(NULL, Object(Config\Cache), false)
#9 C:\xampp\htdocs\projects\voters1\public\index.php(45): CodeIgniter\CodeIgniter->run()
#10 C:\xampp\htdocs\projects\voters1\vendor\codeigniter4\framework\system\Commands\Server\rewrite.php(34): require_once('C:\\xampp\\htdocs...')
#11 {main}
CRITICAL - 2020-08-14 07:03:52 --> You must use the "set" method to update an entry.
#0 C:\xampp\htdocs\projects\voters1\vendor\codeigniter4\framework\system\Database\BaseBuilder.php(2384): CodeIgniter\Database\BaseBuilder->validateUpdate()
#1 C:\xampp\htdocs\projects\voters1\vendor\codeigniter4\framework\system\Model.php(851): CodeIgniter\Database\BaseBuilder->update()
#2 C:\xampp\htdocs\projects\voters1\app\Controllers\MemberType.php(80): CodeIgniter\Model->update(NULL, Array)
#3 C:\xampp\htdocs\projects\voters1\vendor\codeigniter4\framework\system\CodeIgniter.php(910): App\Controllers\MemberType->update()
#4 C:\xampp\htdocs\projects\voters1\vendor\codeigniter4\framework\system\CodeIgniter.php(398): CodeIgniter\CodeIgniter->runController(Object(App\Controllers\MemberType))
#5 C:\xampp\htdocs\projects\voters1\vendor\codeigniter4\framework\system\CodeIgniter.php(306): CodeIgniter\CodeIgniter->handleRequest(NULL, Object(Config\Cache), false)
#6 C:\xampp\htdocs\projects\voters1\public\index.php(45): CodeIgniter\CodeIgniter->run()
#7 C:\xampp\htdocs\projects\voters1\vendor\codeigniter4\framework\system\Commands\Server\rewrite.php(34): require_once('C:\\xampp\\htdocs...')
#8 {main}
CRITICAL - 2020-08-14 07:04:42 --> Argument 2 passed to CodeIgniter\Model::set() must be of the type string or null, array given, called in C:\xampp\htdocs\projects\voters1\app\Controllers\MemberType.php on line 80
#0 C:\xampp\htdocs\projects\voters1\app\Controllers\MemberType.php(80): CodeIgniter\Model->set(NULL, Array)
#1 C:\xampp\htdocs\projects\voters1\vendor\codeigniter4\framework\system\CodeIgniter.php(910): App\Controllers\MemberType->update()
#2 C:\xampp\htdocs\projects\voters1\vendor\codeigniter4\framework\system\CodeIgniter.php(398): CodeIgniter\CodeIgniter->runController(Object(App\Controllers\MemberType))
#3 C:\xampp\htdocs\projects\voters1\vendor\codeigniter4\framework\system\CodeIgniter.php(306): CodeIgniter\CodeIgniter->handleRequest(NULL, Object(Config\Cache), false)
#4 C:\xampp\htdocs\projects\voters1\public\index.php(45): CodeIgniter\CodeIgniter->run()
#5 C:\xampp\htdocs\projects\voters1\vendor\codeigniter4\framework\system\Commands\Server\rewrite.php(34): require_once('C:\\xampp\\htdocs...')
#6 {main}
CRITICAL - 2020-08-14 08:08:49 --> Cannot use object of type CodeIgniter\Database\MySQLi\Result as array
#0 C:\xampp\htdocs\projects\voters1\vendor\codeigniter4\framework\system\View\View.php(236): include()
#1 C:\xampp\htdocs\projects\voters1\vendor\codeigniter4\framework\system\Common.php(1071): CodeIgniter\View\View->render('membertype/edit', Array, true)
#2 C:\xampp\htdocs\projects\voters1\app\Controllers\MemberType.php(62): view('membertype/edit')
#3 C:\xampp\htdocs\projects\voters1\vendor\codeigniter4\framework\system\CodeIgniter.php(910): App\Controllers\MemberType->edit()
#4 C:\xampp\htdocs\projects\voters1\vendor\codeigniter4\framework\system\CodeIgniter.php(398): CodeIgniter\CodeIgniter->runController(Object(App\Controllers\MemberType))
#5 C:\xampp\htdocs\projects\voters1\vendor\codeigniter4\framework\system\CodeIgniter.php(306): CodeIgniter\CodeIgniter->handleRequest(NULL, Object(Config\Cache), false)
#6 C:\xampp\htdocs\projects\voters1\public\index.php(45): CodeIgniter\CodeIgniter->run()
#7 C:\xampp\htdocs\projects\voters1\vendor\codeigniter4\framework\system\Commands\Server\rewrite.php(34): require_once('C:\\xampp\\htdocs...')
#8 {main}
CRITICAL - 2020-08-14 08:36:41 --> Too few arguments to function App\Controllers\MemberType::edit(), 0 passed in C:\xampp\htdocs\projects\voters1\vendor\codeigniter4\framework\system\CodeIgniter.php on line 910 and exactly 1 expected
#0 C:\xampp\htdocs\projects\voters1\vendor\codeigniter4\framework\system\CodeIgniter.php(910): App\Controllers\MemberType->edit()
#1 C:\xampp\htdocs\projects\voters1\vendor\codeigniter4\framework\system\CodeIgniter.php(398): CodeIgniter\CodeIgniter->runController(Object(App\Controllers\MemberType))
#2 C:\xampp\htdocs\projects\voters1\vendor\codeigniter4\framework\system\CodeIgniter.php(306): CodeIgniter\CodeIgniter->handleRequest(NULL, Object(Config\Cache), false)
#3 C:\xampp\htdocs\projects\voters1\public\index.php(45): CodeIgniter\CodeIgniter->run()
#4 C:\xampp\htdocs\projects\voters1\vendor\codeigniter4\framework\system\Commands\Server\rewrite.php(34): require_once('C:\\xampp\\htdocs...')
#5 {main}
CRITICAL - 2020-08-14 08:37:53 --> Undefined variable: idd
#0 C:\xampp\htdocs\projects\voters1\app\Controllers\MemberType.php(57): CodeIgniter\Debug\Exceptions->errorHandler(8, 'Undefined varia...', 'C:\\xampp\\htdocs...', 57, Array)
#1 C:\xampp\htdocs\projects\voters1\vendor\codeigniter4\framework\system\CodeIgniter.php(910): App\Controllers\MemberType->edit()
#2 C:\xampp\htdocs\projects\voters1\vendor\codeigniter4\framework\system\CodeIgniter.php(398): CodeIgniter\CodeIgniter->runController(Object(App\Controllers\MemberType))
#3 C:\xampp\htdocs\projects\voters1\vendor\codeigniter4\framework\system\CodeIgniter.php(306): CodeIgniter\CodeIgniter->handleRequest(NULL, Object(Config\Cache), false)
#4 C:\xampp\htdocs\projects\voters1\public\index.php(45): CodeIgniter\CodeIgniter->run()
#5 C:\xampp\htdocs\projects\voters1\vendor\codeigniter4\framework\system\Commands\Server\rewrite.php(34): require_once('C:\\xampp\\htdocs...')
#6 {main}
CRITICAL - 2020-08-14 08:38:08 --> Undefined variable: membertype
#0 C:\xampp\htdocs\projects\voters1\app\Views\membertype\edit.php(15): CodeIgniter\Debug\Exceptions->errorHandler(8, 'Undefined varia...', 'C:\\xampp\\htdocs...', 15, Array)
#1 C:\xampp\htdocs\projects\voters1\vendor\codeigniter4\framework\system\View\View.php(236): include('C:\\xampp\\htdocs...')
#2 C:\xampp\htdocs\projects\voters1\vendor\codeigniter4\framework\system\Common.php(1071): CodeIgniter\View\View->render('membertype/edit', Array, true)
#3 C:\xampp\htdocs\projects\voters1\app\Controllers\MemberType.php(62): view('membertype/edit')
#4 C:\xampp\htdocs\projects\voters1\vendor\codeigniter4\framework\system\CodeIgniter.php(910): App\Controllers\MemberType->edit()
#5 C:\xampp\htdocs\projects\voters1\vendor\codeigniter4\framework\system\CodeIgniter.php(398): CodeIgniter\CodeIgniter->runController(Object(App\Controllers\MemberType))
#6 C:\xampp\htdocs\projects\voters1\vendor\codeigniter4\framework\system\CodeIgniter.php(306): CodeIgniter\CodeIgniter->handleRequest(NULL, Object(Config\Cache), false)
#7 C:\xampp\htdocs\projects\voters1\public\index.php(45): CodeIgniter\CodeIgniter->run()
#8 C:\xampp\htdocs\projects\voters1\vendor\codeigniter4\framework\system\Commands\Server\rewrite.php(34): require_once('C:\\xampp\\htdocs...')
#9 {main}
CRITICAL - 2020-08-14 08:47:20 --> Too few arguments to function App\Controllers\PollingStation::edit(), 0 passed in C:\xampp\htdocs\projects\voters1\vendor\codeigniter4\framework\system\CodeIgniter.php on line 910 and exactly 1 expected
#0 C:\xampp\htdocs\projects\voters1\vendor\codeigniter4\framework\system\CodeIgniter.php(910): App\Controllers\PollingStation->edit()
#1 C:\xampp\htdocs\projects\voters1\vendor\codeigniter4\framework\system\CodeIgniter.php(398): CodeIgniter\CodeIgniter->runController(Object(App\Controllers\PollingStation))
#2 C:\xampp\htdocs\projects\voters1\vendor\codeigniter4\framework\system\CodeIgniter.php(306): CodeIgniter\CodeIgniter->handleRequest(NULL, Object(Config\Cache), false)
#3 C:\xampp\htdocs\projects\voters1\public\index.php(45): CodeIgniter\CodeIgniter->run()
#4 C:\xampp\htdocs\projects\voters1\vendor\codeigniter4\framework\system\Commands\Server\rewrite.php(34): require_once('C:\\xampp\\htdocs...')
#5 {main}
